# JRE version: OpenJDK Runtime Environment Temurin-17.0.5+8 (17.0.5+8) (build 17.0.5+8)
# Java VM: OpenJDK 64-Bit Server VM Temurin-17.0.5+8 (17.0.5+8, mixed mode, emulated-client, tiered, compressed oops, compressed class ptrs, g1 gc, windows-amd64)
GC Precious Log:
 CPUs: 8 total, 8 available
 Memory: 12083M
 Large Page Support: Disabled
 NUMA Support: Disabled
 Compressed Oops: Enabled (Zero based)
 Heap Region Size: 2M
 Heap Min Capacity: 8M
 Heap Initial Capacity: 190M
 Heap Max Capacity: 3022M
 Pre-touch: Disabled
 Parallel Workers: 8
 Concurrent Workers: 2
 Concurrent Refinement Workers: 8
 Periodic GC: Disabled
Heap:
 garbage-first heap   total 655360K, used 338692K [0x0000000743200000, 0x0000000800000000)
  region size 2048K, 2 young (4096K), 2 survivors (4096K)
 Metaspace       used 70992K, committed 71488K, reserved 1114112K
  class space    used 9588K, committed 9856K, reserved 1048576K
GC Heap History (20 events):
Event: 31882.612 GC heap after
{Heap after GC invocations=2255 (full 1720):
 garbage-first heap   total 552960K, used 180523K [0x0000000743200000, 0x0000000800000000)
  region size 2048K, 2 young (4096K), 2 survivors (4096K)
 Metaspace       used 70992K, committed 71488K, reserved 1114112K
  class space    used 9588K, committed 9856K, reserved 1048576K
}
Event: 31889.179 GC heap before
{Heap before GC invocations=2256 (full 1720):
 garbage-first heap   total 552960K, used 456359K [0x0000000743200000, 0x0000000800000000)
  region size 2048K, 142 young (290816K), 2 survivors (4096K)
 Metaspace       used 70992K, committed 71488K, reserved 1114112K
  class space    used 9588K, committed 9856K, reserved 1048576K
}
Event: 31889.237 GC heap after
{Heap after GC invocations=2257 (full 1720):
 garbage-first heap   total 552960K, used 211285K [0x0000000743200000, 0x0000000800000000)
  region size 2048K, 18 young (36864K), 18 survivors (36864K)
 Metaspace       used 70992K, committed 71488K, reserved 1114112K
  class space    used 9588K, committed 9856K, reserved 1048576K
}
Event: 31889.244 GC heap before
{Heap before GC invocations=2257 (full 1720):
 garbage-first heap   total 552960K, used 213333K [0x0000000743200000, 0x0000000800000000)
  region size 2048K, 19 young (38912K), 18 survivors (36864K)
 Metaspace       used 70992K, committed 71488K, reserved 1114112K
  class space    used 9588K, committed 9856K, reserved 1048576K
}
Event: 31889.291 GC heap after
{Heap after GC invocations=2258 (full 1720):
 garbage-first heap   total 552960K, used 199387K [0x0000000743200000, 0x0000000800000000)
  region size 2048K, 2 young (4096K), 2 survivors (4096K)
 Metaspace       used 70992K, committed 71488K, reserved 1114112K
  class space    used 9588K, committed 9856K, reserved 1048576K
}
Event: 31889.693 GC heap before
{Heap before GC invocations=2258 (full 1720):
 garbage-first heap   total 552960K, used 254683K [0x0000000743200000, 0x0000000800000000)
  region size 2048K, 30 young (61440K), 2 survivors (4096K)
 Metaspace       used 70992K, committed 71488K, reserved 1114112K
  class space    used 9588K, committed 9856K, reserved 1048576K
}
Event: 31889.705 GC heap after
{Heap after GC invocations=2259 (full 1720):
 garbage-first heap   total 655360K, used 208602K [0x0000000743200000, 0x0000000800000000)
  region size 2048K, 7 young (14336K), 7 survivors (14336K)
 Metaspace       used 70992K, committed 71488K, reserved 1114112K
  class space    used 9588K, committed 9856K, reserved 1048576K
}
Event: 31890.854 GC heap before
{Heap before GC invocations=2259 (full 1720):
 garbage-first heap   total 655360K, used 446170K [0x0000000743200000, 0x0000000800000000)
  region size 2048K, 124 young (253952K), 7 survivors (14336K)
 Metaspace       used 70992K, committed 71488K, reserved 1114112K
  class space    used 9588K, committed 9856K, reserved 1048576K
}
Event: 31890.907 GC heap after
{Heap after GC invocations=2260 (full 1720):
 garbage-first heap   total 655360K, used 250747K [0x0000000743200000, 0x0000000800000000)
  region size 2048K, 18 young (36864K), 18 survivors (36864K)
 Metaspace       used 70992K, committed 71488K, reserved 1114112K
  class space    used 9588K, committed 9856K, reserved 1048576K
}
Event: 31891.963 GC heap before
{Heap before GC invocations=2261 (full 1720):
 garbage-first heap   total 655360K, used 486267K [0x0000000743200000, 0x0000000800000000)
  region size 2048K, 134 young (274432K), 18 survivors (36864K)
 Metaspace       used 70992K, committed 71488K, reserved 1114112K
  class space    used 9588K, committed 9856K, reserved 1048576K
}
Event: 31892.027 GC heap after
{Heap after GC invocations=2262 (full 1720):
 garbage-first heap   total 655360K, used 286075K [0x0000000743200000, 0x0000000800000000)
  region size 2048K, 17 young (34816K), 17 survivors (34816K)
 Metaspace       used 70992K, committed 71488K, reserved 1114112K
  class space    used 9588K, committed 9856K, reserved 1048576K
}
Event: 31892.034 GC heap before
{Heap before GC invocations=2262 (full 1720):
 garbage-first heap   total 655360K, used 288123K [0x0000000743200000, 0x0000000800000000)
  region size 2048K, 18 young (36864K), 17 survivors (34816K)
 Metaspace       used 70992K, committed 71488K, reserved 1114112K
  class space    used 9588K, committed 9856K, reserved 1048576K
}
Event: 31892.066 GC heap after
{Heap after GC invocations=2263 (full 1720):
 garbage-first heap   total 655360K, used 275836K [0x0000000743200000, 0x0000000800000000)
  region size 2048K, 3 young (6144K), 3 survivors (6144K)
 Metaspace       used 70992K, committed 71488K, reserved 1114112K
  class space    used 9588K, committed 9856K, reserved 1048576K
}
Event: 31893.001 GC heap before
{Heap before GC invocations=2263 (full 1720):
 garbage-first heap   total 655360K, used 505212K [0x0000000743200000, 0x0000000800000000)
  region size 2048K, 111 young (227328K), 3 survivors (6144K)
 Metaspace       used 70992K, committed 71488K, reserved 1114112K
  class space    used 9588K, committed 9856K, reserved 1048576K
}
Event: 31893.043 GC heap after
{Heap after GC invocations=2264 (full 1720):
 garbage-first heap   total 655360K, used 312751K [0x0000000743200000, 0x0000000800000000)
  region size 2048K, 14 young (28672K), 14 survivors (28672K)
 Metaspace       used 70992K, committed 71488K, reserved 1114112K
  class space    used 9588K, committed 9856K, reserved 1048576K
}
Event: 31893.701 GC heap before
{Heap before GC invocations=2264 (full 1720):
 garbage-first heap   total 655360K, used 447919K [0x0000000743200000, 0x0000000800000000)
  region size 2048K, 81 young (165888K), 14 survivors (28672K)
 Metaspace       used 70992K, committed 71488K, reserved 1114112K
  class space    used 9588K, committed 9856K, reserved 1048576K
}
Event: 31893.749 GC heap after
{Heap after GC invocations=2265 (full 1720):
 garbage-first heap   total 655360K, used 333275K [0x0000000743200000, 0x0000000800000000)
  region size 2048K, 10 young (20480K), 10 survivors (20480K)
 Metaspace       used 70992K, committed 71488K, reserved 1114112K
  class space    used 9588K, committed 9856K, reserved 1048576K
}
Event: 31894.901 GC heap before
{Heap before GC invocations=2266 (full 1720):
 garbage-first heap   total 655360K, used 515547K [0x0000000743200000, 0x0000000800000000)
  region size 2048K, 99 young (202752K), 10 survivors (20480K)
 Metaspace       used 70992K, committed 71488K, reserved 1114112K
  class space    used 9588K, committed 9856K, reserved 1048576K
}
Event: 31894.938 GC heap after
{Heap after GC invocations=2267 (full 1720):
 garbage-first heap   total 655360K, used 358626K [0x0000000743200000, 0x0000000800000000)
  region size 2048K, 13 young (26624K), 13 survivors (26624K)
 Metaspace       used 70992K, committed 71488K, reserved 1114112K
  class space    used 9588K, committed 9856K, reserved 1048576K
}
Event: 31894.949 GC heap before
{Heap before GC invocations=2267 (full 1720):
 garbage-first heap   total 655360K, used 364770K [0x0000000743200000, 0x0000000800000000)
  region size 2048K, 16 young (32768K), 13 survivors (26624K)
 Metaspace       used 70992K, committed 71488K, reserved 1114112K
  class space    used 9588K, committed 9856K, reserved 1048576K
}

