{"C:\\Users\\Christopher\\Documents\\project_venda\\venda+\\web\\src\\components\\Card\\index.tsx": {"path":"C:\\Users\\Christopher\\Documents\\project_venda\\venda+\\web\\src\\components\\Card\\index.tsx","statementMap":{"0":{"start":{"line":1,"column":0},"end":{"line":1,"column":44}},"1":{"start":{"line":2,"column":0},"end":{"line":2,"column":40}},"2":{"start":{"line":3,"column":0},"end":{"line":3,"column":46}},"3":{"start":{"line":14,"column":23},"end":{"line":14,"column":28}},"4":{"start":{"line":15,"column":15},"end":{"line":15,"column":61}},"5":{"start":{"line":16,"column":19},"end":{"line":16,"column":44}},"6":{"start":{"line":17,"column":4},"end":{"line":17,"column":null}},"7":{"start":{"line":22,"column":28},"end":{"line":22,"column":46}},"8":{"start":{"line":24,"column":4},"end":{"line":34,"column":null}},"9":{"start":{"line":25,"column":6},"end":{"line":31,"column":null}},"10":{"start":{"line":27,"column":30},"end":{"line":27,"column":43}},"11":{"start":{"line":29,"column":31},"end":{"line":29,"column":47}},"12":{"start":{"line":30,"column":14},"end":{"line":30,"column":32}},"13":{"start":{"line":36,"column":26},"end":{"line":36,"column":35}},"14":{"start":{"line":37,"column":4},"end":{"line":52,"column":null}},"15":{"start":{"line":21,"column":0},"end":{"line":21,"column":16}}},"fnMap":{"0":{"name":"byteToBlob","decl":{"start":{"line":13,"column":9},"end":{"line":13,"column":19}},"loc":{"start":{"line":13,"column":33},"end":{"line":18,"column":1}}},"1":{"name":"Card","decl":{"start":{"line":21,"column":16},"end":{"line":21,"column":20}},"loc":{"start":{"line":21,"column":65},"end":{"line":53,"column":1}}},"2":{"name":"(anonymous_2)","decl":{"start":{"line":24,"column":14},"end":{"line":24,"column":17}},"loc":{"start":{"line":24,"column":19},"end":{"line":34,"column":3}}},"3":{"name":"(anonymous_3)","decl":{"start":{"line":27,"column":18},"end":{"line":27,"column":26}},"loc":{"start":{"line":27,"column":30},"end":{"line":27,"column":43}}},"4":{"name":"(anonymous_4)","decl":{"start":{"line":28,"column":18},"end":{"line":28,"column":22}},"loc":{"start":{"line":28,"column":25},"end":{"line":31,"column":13}}}},"branchMap":{"0":{"loc":{"start":{"line":46,"column":25},"end":{"line":46,"column":80}},"type":"cond-expr","locations":[{"start":{"line":46,"column":48},"end":{"line":46,"column":50}},{"start":{"line":46,"column":53},"end":{"line":46,"column":80}}]}},"s":{"0":0,"1":0,"2":0,"3":0,"4":0,"5":0,"6":0,"7":0,"8":0,"9":0,"10":0,"11":0,"12":0,"13":0,"14":0,"15":0},"f":{"0":0,"1":0,"2":0,"3":0,"4":0},"b":{"0":[0,0]}}
,"C:\\Users\\Christopher\\Documents\\project_venda\\venda+\\web\\src\\components\\CardCart\\index.tsx": {"path":"C:\\Users\\Christopher\\Documents\\project_venda\\venda+\\web\\src\\components\\CardCart\\index.tsx","statementMap":{"0":{"start":{"line":1,"column":0},"end":{"line":1,"column":44}},"1":{"start":{"line":2,"column":0},"end":{"line":2,"column":40}},"2":{"start":{"line":3,"column":0},"end":{"line":3,"column":46}},"3":{"start":{"line":8,"column":23},"end":{"line":8,"column":28}},"4":{"start":{"line":9,"column":15},"end":{"line":9,"column":61}},"5":{"start":{"line":10,"column":19},"end":{"line":10,"column":44}},"6":{"start":{"line":11,"column":4},"end":{"line":11,"column":null}},"7":{"start":{"line":25,"column":28},"end":{"line":25,"column":46}},"8":{"start":{"line":26,"column":4},"end":{"line":34,"column":null}},"9":{"start":{"line":27,"column":6},"end":{"line":33,"column":null}},"10":{"start":{"line":29,"column":30},"end":{"line":29,"column":43}},"11":{"start":{"line":31,"column":31},"end":{"line":31,"column":47}},"12":{"start":{"line":32,"column":14},"end":{"line":32,"column":32}},"13":{"start":{"line":35,"column":62},"end":{"line":35,"column":71}},"14":{"start":{"line":36,"column":4},"end":{"line":88,"column":null}},"15":{"start":{"line":55,"column":31},"end":{"line":55,"column":51}},"16":{"start":{"line":78,"column":29},"end":{"line":78,"column":49}},"17":{"start":{"line":24,"column":0},"end":{"line":24,"column":16}}},"fnMap":{"0":{"name":"byteToBlob","decl":{"start":{"line":7,"column":9},"end":{"line":7,"column":19}},"loc":{"start":{"line":7,"column":33},"end":{"line":12,"column":1}}},"1":{"name":"CardCart","decl":{"start":{"line":24,"column":16},"end":{"line":24,"column":24}},"loc":{"start":{"line":24,"column":85},"end":{"line":89,"column":1}}},"2":{"name":"(anonymous_2)","decl":{"start":{"line":26,"column":14},"end":{"line":26,"column":17}},"loc":{"start":{"line":26,"column":19},"end":{"line":34,"column":3}}},"3":{"name":"(anonymous_3)","decl":{"start":{"line":29,"column":18},"end":{"line":29,"column":26}},"loc":{"start":{"line":29,"column":30},"end":{"line":29,"column":43}}},"4":{"name":"(anonymous_4)","decl":{"start":{"line":30,"column":18},"end":{"line":30,"column":22}},"loc":{"start":{"line":30,"column":25},"end":{"line":33,"column":13}}},"5":{"name":"(anonymous_5)","decl":{"start":{"line":55,"column":25},"end":{"line":55,"column":28}},"loc":{"start":{"line":55,"column":31},"end":{"line":55,"column":51}}},"6":{"name":"(anonymous_6)","decl":{"start":{"line":78,"column":23},"end":{"line":78,"column":26}},"loc":{"start":{"line":78,"column":29},"end":{"line":78,"column":49}}}},"branchMap":{},"s":{"0":0,"1":0,"2":0,"3":0,"4":0,"5":0,"6":0,"7":0,"8":0,"9":0,"10":0,"11":0,"12":0,"13":0,"14":0,"15":0,"16":0,"17":0},"f":{"0":0,"1":0,"2":0,"3":0,"4":0,"5":0,"6":0},"b":{}}
,"C:\\Users\\Christopher\\Documents\\project_venda\\venda+\\web\\src\\components\\Carousel\\index.tsx": {"path":"C:\\Users\\Christopher\\Documents\\project_venda\\venda+\\web\\src\\components\\Carousel\\index.tsx","statementMap":{"0":{"start":{"line":2,"column":4},"end":{"line":82,"column":null}},"1":{"start":{"line":1,"column":0},"end":{"line":1,"column":16}}},"fnMap":{"0":{"name":"Carousel","decl":{"start":{"line":1,"column":16},"end":{"line":1,"column":24}},"loc":{"start":{"line":1,"column":24},"end":{"line":83,"column":1}}}},"branchMap":{},"s":{"0":0,"1":0},"f":{"0":0},"b":{}}
,"C:\\Users\\Christopher\\Documents\\project_venda\\venda+\\web\\src\\components\\CarouselProduto\\index.tsx": {"path":"C:\\Users\\Christopher\\Documents\\project_venda\\venda+\\web\\src\\components\\CarouselProduto\\index.tsx","statementMap":{"0":{"start":{"line":1,"column":0},"end":{"line":1,"column":53}},"1":{"start":{"line":2,"column":0},"end":{"line":2,"column":63}},"2":{"start":{"line":12,"column":4},"end":{"line":34,"column":null}},"3":{"start":{"line":11,"column":0},"end":{"line":11,"column":16}}},"fnMap":{"0":{"name":"CarouselProduto","decl":{"start":{"line":11,"column":16},"end":{"line":11,"column":31}},"loc":{"start":{"line":11,"column":59},"end":{"line":35,"column":1}}}},"branchMap":{},"s":{"0":1,"1":1,"2":1,"3":1},"f":{"0":1},"b":{}}
,"C:\\Users\\Christopher\\Documents\\project_venda\\venda+\\web\\src\\components\\Dropdown\\index.tsx": {"path":"C:\\Users\\Christopher\\Documents\\project_venda\\venda+\\web\\src\\components\\Dropdown\\index.tsx","statementMap":{"0":{"start":{"line":7,"column":4},"end":{"line":97,"column":6}},"1":{"start":{"line":69,"column":18},"end":{"line":90,"column":20}},"2":{"start":{"line":6,"column":2},"end":{"line":6,"column":18}}},"fnMap":{"0":{"name":"DropDown","decl":{"start":{"line":6,"column":18},"end":{"line":6,"column":26}},"loc":{"start":{"line":6,"column":56},"end":{"line":98,"column":3}}},"1":{"name":"(anonymous_1)","decl":{"start":{"line":68,"column":26},"end":{"line":68,"column":27}},"loc":{"start":{"line":68,"column":39},"end":{"line":91,"column":17}}}},"branchMap":{},"s":{"0":0,"1":0,"2":0},"f":{"0":0,"1":0},"b":{}}
,"C:\\Users\\Christopher\\Documents\\project_venda\\venda+\\web\\src\\components\\ListaTiposProdutos\\index.tsx": {"path":"C:\\Users\\Christopher\\Documents\\project_venda\\venda+\\web\\src\\components\\ListaTiposProdutos\\index.tsx","statementMap":{"0":{"start":{"line":2,"column":0},"end":{"line":2,"column":47}},"1":{"start":{"line":5,"column":4},"end":{"line":18,"column":null}},"2":{"start":{"line":9,"column":20},"end":{"line":13,"column":29}},"3":{"start":{"line":4,"column":0},"end":{"line":4,"column":16}}},"fnMap":{"0":{"name":"ListaTiposProdutos","decl":{"start":{"line":4,"column":16},"end":{"line":4,"column":34}},"loc":{"start":{"line":4,"column":71},"end":{"line":19,"column":1}}},"1":{"name":"(anonymous_1)","decl":{"start":{"line":8,"column":38},"end":{"line":8,"column":42}},"loc":{"start":{"line":9,"column":20},"end":{"line":13,"column":29}}}},"branchMap":{},"s":{"0":0,"1":0,"2":0,"3":0},"f":{"0":0,"1":0},"b":{}}
,"C:\\Users\\Christopher\\Documents\\project_venda\\venda+\\web\\src\\components\\Menu\\index.tsx": {"path":"C:\\Users\\Christopher\\Documents\\project_venda\\venda+\\web\\src\\components\\Menu\\index.tsx","statementMap":{"0":{"start":{"line":1,"column":0},"end":{"line":1,"column":48}},"1":{"start":{"line":3,"column":0},"end":{"line":3,"column":72}},"2":{"start":{"line":4,"column":0},"end":{"line":4,"column":40}},"3":{"start":{"line":5,"column":0},"end":{"line":5,"column":39}},"4":{"start":{"line":6,"column":0},"end":{"line":6,"column":64}},"5":{"start":{"line":7,"column":0},"end":{"line":7,"column":52}},"6":{"start":{"line":8,"column":0},"end":{"line":8,"column":50}},"7":{"start":{"line":9,"column":0},"end":{"line":9,"column":49}},"8":{"start":{"line":13,"column":53},"end":{"line":13,"column":72}},"9":{"start":{"line":16,"column":54},"end":{"line":16,"column":65}},"10":{"start":{"line":17,"column":38},"end":{"line":17,"column":70}},"11":{"start":{"line":19,"column":2},"end":{"line":26,"column":null}},"12":{"start":{"line":20,"column":4},"end":{"line":24,"column":null}},"13":{"start":{"line":21,"column":24},"end":{"line":21,"column":52}},"14":{"start":{"line":23,"column":8},"end":{"line":23,"column":null}},"15":{"start":{"line":28,"column":2},"end":{"line":30,"column":4}},"16":{"start":{"line":29,"column":4},"end":{"line":29,"column":21}},"17":{"start":{"line":32,"column":2},"end":{"line":300,"column":4}},"18":{"start":{"line":281,"column":12},"end":{"line":285,"column":14}},"19":{"start":{"line":12,"column":0},"end":{"line":12,"column":16}}},"fnMap":{"0":{"name":"Menu","decl":{"start":{"line":12,"column":16},"end":{"line":12,"column":20}},"loc":{"start":{"line":12,"column":20},"end":{"line":301,"column":1}}},"1":{"name":"(anonymous_1)","decl":{"start":{"line":19,"column":12},"end":{"line":19,"column":15}},"loc":{"start":{"line":19,"column":17},"end":{"line":26,"column":3}}},"2":{"name":"(anonymous_2)","decl":{"start":{"line":21,"column":12},"end":{"line":21,"column":20}},"loc":{"start":{"line":21,"column":24},"end":{"line":21,"column":52}}},"3":{"name":"(anonymous_3)","decl":{"start":{"line":22,"column":13},"end":{"line":22,"column":22}},"loc":{"start":{"line":22,"column":27},"end":{"line":24,"column":7}}},"4":{"name":"(anonymous_4)","decl":{"start":{"line":28,"column":20},"end":{"line":28,"column":null}},"loc":{"start":{"line":28,"column":20},"end":{"line":30,"column":3}}},"5":{"name":"(anonymous_5)","decl":{"start":{"line":280,"column":26},"end":{"line":280,"column":27}},"loc":{"start":{"line":280,"column":39},"end":{"line":286,"column":11}}}},"branchMap":{"0":{"loc":{"start":{"line":88,"column":11},"end":{"line":246,"column":null}},"type":"cond-expr","locations":[{"start":{"line":89,"column":12},"end":{"line":235,"column":null}},{"start":{"line":238,"column":12},"end":{"line":245,"column":null}}]},"1":{"loc":{"start":{"line":170,"column":21},"end":{"line":204,"column":null}},"type":"cond-expr","locations":[{"start":{"line":171,"column":22},"end":{"line":185,"column":null}},{"start":{"line":190,"column":22},"end":{"line":204,"column":null}}]},"2":{"loc":{"start":{"line":250,"column":11},"end":{"line":270,"column":null}},"type":"binary-expr","locations":[{"start":{"line":250,"column":11},"end":{"line":250,"column":33}},{"start":{"line":251,"column":12},"end":{"line":270,"column":null}}]},"3":{"loc":{"start":{"line":254,"column":19},"end":{"line":259,"column":null}},"type":"cond-expr","locations":[{"start":{"line":255,"column":20},"end":{"line":256,"column":null}},{"start":{"line":259,"column":20},"end":{"line":259,"column":22}}]}},"s":{"0":0,"1":0,"2":0,"3":0,"4":0,"5":0,"6":0,"7":0,"8":0,"9":0,"10":0,"11":0,"12":0,"13":0,"14":0,"15":0,"16":0,"17":0,"18":0,"19":0},"f":{"0":0,"1":0,"2":0,"3":0,"4":0,"5":0},"b":{"0":[0,0],"1":[0,0],"2":[0,0],"3":[0,0]}}
,"C:\\Users\\Christopher\\Documents\\project_venda\\venda+\\web\\src\\components\\MultCarousel\\index.tsx": {"path":"C:\\Users\\Christopher\\Documents\\project_venda\\venda+\\web\\src\\components\\MultCarousel\\index.tsx","statementMap":{"0":{"start":{"line":1,"column":0},"end":{"line":1,"column":56}},"1":{"start":{"line":2,"column":0},"end":{"line":2,"column":44}},"2":{"start":{"line":3,"column":0},"end":{"line":3,"column":45}},"3":{"start":{"line":4,"column":0},"end":{"line":4,"column":40}},"4":{"start":{"line":5,"column":0},"end":{"line":5,"column":40}},"5":{"start":{"line":6,"column":0},"end":{"line":6,"column":52}},"6":{"start":{"line":7,"column":0},"end":{"line":7,"column":50}},"7":{"start":{"line":9,"column":0},"end":{"line":9,"column":31}},"8":{"start":{"line":11,"column":19},"end":{"line":21,"column":2}},"9":{"start":{"line":26,"column":28},"end":{"line":26,"column":47}},"10":{"start":{"line":27,"column":34},"end":{"line":27,"column":62}},"11":{"start":{"line":29,"column":24},"end":{"line":29,"column":35}},"12":{"start":{"line":31,"column":2},"end":{"line":38,"column":9}},"13":{"start":{"line":33,"column":4},"end":{"line":37,"column":null}},"14":{"start":{"line":35,"column":27},"end":{"line":35,"column":40}},"15":{"start":{"line":36,"column":8},"end":{"line":36,"column":null}},"16":{"start":{"line":40,"column":2},"end":{"line":80,"column":4}},"17":{"start":{"line":61,"column":8},"end":{"line":77,"column":10}},"18":{"start":{"line":66,"column":14},"end":{"line":66,"column":26}},"19":{"start":{"line":67,"column":14},"end":{"line":67,"column":38}},"20":{"start":{"line":25,"column":0},"end":{"line":25,"column":16}}},"fnMap":{"0":{"name":"MultCarousel","decl":{"start":{"line":25,"column":16},"end":{"line":25,"column":28}},"loc":{"start":{"line":25,"column":46},"end":{"line":81,"column":1}}},"1":{"name":"(anonymous_1)","decl":{"start":{"line":31,"column":12},"end":{"line":31,"column":15}},"loc":{"start":{"line":31,"column":17},"end":{"line":38,"column":3}}},"2":{"name":"(anonymous_2)","decl":{"start":{"line":34,"column":12},"end":{"line":34,"column":21}},"loc":{"start":{"line":34,"column":29},"end":{"line":37,"column":7}}},"3":{"name":"(anonymous_3)","decl":{"start":{"line":60,"column":20},"end":{"line":60,"column":21}},"loc":{"start":{"line":60,"column":40},"end":{"line":78,"column":7}}},"4":{"name":"(anonymous_4)","decl":{"start":{"line":65,"column":21},"end":{"line":65,"column":24}},"loc":{"start":{"line":65,"column":26},"end":{"line":68,"column":13}}}},"branchMap":{},"s":{"0":0,"1":0,"2":0,"3":0,"4":0,"5":0,"6":0,"7":0,"8":0,"9":0,"10":0,"11":0,"12":0,"13":0,"14":0,"15":0,"16":0,"17":0,"18":0,"19":0,"20":0},"f":{"0":0,"1":0,"2":0,"3":0,"4":0},"b":{}}
,"C:\\Users\\Christopher\\Documents\\project_venda\\venda+\\web\\src\\components\\PessoaFisica\\index.tsx": {"path":"C:\\Users\\Christopher\\Documents\\project_venda\\venda+\\web\\src\\components\\PessoaFisica\\index.tsx","statementMap":{"0":{"start":{"line":1,"column":0},"end":{"line":1,"column":56}},"1":{"start":{"line":2,"column":0},"end":{"line":2,"column":41}},"2":{"start":{"line":3,"column":0},"end":{"line":3,"column":42}},"3":{"start":{"line":4,"column":0},"end":{"line":4,"column":67}},"4":{"start":{"line":5,"column":0},"end":{"line":5,"column":66}},"5":{"start":{"line":6,"column":0},"end":{"line":6,"column":46}},"6":{"start":{"line":7,"column":0},"end":{"line":7,"column":54}},"7":{"start":{"line":12,"column":27},"end":{"line":12,"column":46}},"8":{"start":{"line":13,"column":22},"end":{"line":13,"column":52}},"9":{"start":{"line":15,"column":17},"end":{"line":15,"column":26}},"10":{"start":{"line":24,"column":10},"end":{"line":34,"column":10}},"11":{"start":{"line":35,"column":23},"end":{"line":38,"column":7}},"12":{"start":{"line":36,"column":8},"end":{"line":36,"column":42}},"13":{"start":{"line":37,"column":8},"end":{"line":37,"column":null}},"14":{"start":{"line":40,"column":4},"end":{"line":196,"column":null}},"15":{"start":{"line":49,"column":24},"end":{"line":49,"column":null}},"16":{"start":{"line":64,"column":24},"end":{"line":64,"column":null}},"17":{"start":{"line":79,"column":24},"end":{"line":79,"column":null}},"18":{"start":{"line":93,"column":24},"end":{"line":93,"column":null}},"19":{"start":{"line":107,"column":24},"end":{"line":107,"column":null}},"20":{"start":{"line":108,"column":24},"end":{"line":108,"column":null}},"21":{"start":{"line":118,"column":24},"end":{"line":118,"column":null}},"22":{"start":{"line":119,"column":24},"end":{"line":119,"column":null}},"23":{"start":{"line":128,"column":24},"end":{"line":128,"column":null}},"24":{"start":{"line":129,"column":24},"end":{"line":129,"column":null}},"25":{"start":{"line":142,"column":24},"end":{"line":142,"column":null}},"26":{"start":{"line":160,"column":24},"end":{"line":160,"column":null}},"27":{"start":{"line":172,"column":125},"end":{"line":172,"column":163}},"28":{"start":{"line":179,"column":28},"end":{"line":179,"column":null}},"29":{"start":{"line":10,"column":0},"end":{"line":10,"column":16}}},"fnMap":{"0":{"name":"PessoaFisica","decl":{"start":{"line":10,"column":16},"end":{"line":10,"column":28}},"loc":{"start":{"line":10,"column":28},"end":{"line":197,"column":1}}},"1":{"name":"(anonymous_1)","decl":{"start":{"line":35,"column":23},"end":{"line":35,"column":24}},"loc":{"start":{"line":35,"column":37},"end":{"line":38,"column":7}}},"2":{"name":"(anonymous_2)","decl":{"start":{"line":48,"column":30},"end":{"line":48,"column":31}},"loc":{"start":{"line":48,"column":36},"end":{"line":50,"column":22}}},"3":{"name":"(anonymous_3)","decl":{"start":{"line":63,"column":30},"end":{"line":63,"column":31}},"loc":{"start":{"line":63,"column":36},"end":{"line":65,"column":22}}},"4":{"name":"(anonymous_4)","decl":{"start":{"line":78,"column":30},"end":{"line":78,"column":31}},"loc":{"start":{"line":78,"column":36},"end":{"line":80,"column":22}}},"5":{"name":"(anonymous_5)","decl":{"start":{"line":92,"column":30},"end":{"line":92,"column":31}},"loc":{"start":{"line":92,"column":36},"end":{"line":94,"column":22}}},"6":{"name":"(anonymous_6)","decl":{"start":{"line":106,"column":30},"end":{"line":106,"column":31}},"loc":{"start":{"line":106,"column":36},"end":{"line":109,"column":22}}},"7":{"name":"(anonymous_7)","decl":{"start":{"line":117,"column":30},"end":{"line":117,"column":31}},"loc":{"start":{"line":117,"column":36},"end":{"line":120,"column":22}}},"8":{"name":"(anonymous_8)","decl":{"start":{"line":127,"column":30},"end":{"line":127,"column":31}},"loc":{"start":{"line":127,"column":36},"end":{"line":130,"column":22}}},"9":{"name":"(anonymous_9)","decl":{"start":{"line":141,"column":30},"end":{"line":141,"column":31}},"loc":{"start":{"line":141,"column":36},"end":{"line":143,"column":22}}},"10":{"name":"(anonymous_10)","decl":{"start":{"line":159,"column":30},"end":{"line":159,"column":31}},"loc":{"start":{"line":159,"column":36},"end":{"line":161,"column":22}}},"11":{"name":"(anonymous_11)","decl":{"start":{"line":172,"column":120},"end":{"line":172,"column":122}},"loc":{"start":{"line":172,"column":124},"end":{"line":172,"column":163}}},"12":{"name":"(anonymous_12)","decl":{"start":{"line":178,"column":34},"end":{"line":178,"column":35}},"loc":{"start":{"line":178,"column":40},"end":{"line":180,"column":25}}}},"branchMap":{"0":{"loc":{"start":{"line":173,"column":29},"end":{"line":173,"column":90}},"type":"cond-expr","locations":[{"start":{"line":173,"column":51},"end":{"line":173,"column":68}},{"start":{"line":173,"column":69},"end":{"line":173,"column":90}}]}},"s":{"0":0,"1":0,"2":0,"3":0,"4":0,"5":0,"6":0,"7":0,"8":0,"9":0,"10":0,"11":0,"12":0,"13":0,"14":0,"15":0,"16":0,"17":0,"18":0,"19":0,"20":0,"21":0,"22":0,"23":0,"24":0,"25":0,"26":0,"27":0,"28":0,"29":0},"f":{"0":0,"1":0,"2":0,"3":0,"4":0,"5":0,"6":0,"7":0,"8":0,"9":0,"10":0,"11":0,"12":0},"b":{"0":[0,0]}}
,"C:\\Users\\Christopher\\Documents\\project_venda\\venda+\\web\\src\\components\\PessoaJuridica\\index.tsx": {"path":"C:\\Users\\Christopher\\Documents\\project_venda\\venda+\\web\\src\\components\\PessoaJuridica\\index.tsx","statementMap":{"0":{"start":{"line":1,"column":0},"end":{"line":1,"column":56}},"1":{"start":{"line":2,"column":0},"end":{"line":2,"column":31}},"2":{"start":{"line":3,"column":0},"end":{"line":3,"column":42}},"3":{"start":{"line":4,"column":0},"end":{"line":4,"column":67}},"4":{"start":{"line":5,"column":0},"end":{"line":5,"column":66}},"5":{"start":{"line":6,"column":0},"end":{"line":6,"column":46}},"6":{"start":{"line":7,"column":0},"end":{"line":7,"column":54}},"7":{"start":{"line":10,"column":27},"end":{"line":10,"column":46}},"8":{"start":{"line":11,"column":22},"end":{"line":11,"column":52}},"9":{"start":{"line":13,"column":17},"end":{"line":13,"column":26}},"10":{"start":{"line":22,"column":10},"end":{"line":31,"column":10}},"11":{"start":{"line":32,"column":23},"end":{"line":35,"column":7}},"12":{"start":{"line":33,"column":8},"end":{"line":33,"column":42}},"13":{"start":{"line":34,"column":8},"end":{"line":34,"column":null}},"14":{"start":{"line":37,"column":4},"end":{"line":164,"column":null}},"15":{"start":{"line":48,"column":24},"end":{"line":48,"column":null}},"16":{"start":{"line":64,"column":24},"end":{"line":64,"column":null}},"17":{"start":{"line":80,"column":24},"end":{"line":80,"column":null}},"18":{"start":{"line":95,"column":24},"end":{"line":95,"column":null}},"19":{"start":{"line":110,"column":24},"end":{"line":110,"column":null}},"20":{"start":{"line":128,"column":24},"end":{"line":128,"column":null}},"21":{"start":{"line":140,"column":125},"end":{"line":140,"column":163}},"22":{"start":{"line":147,"column":28},"end":{"line":147,"column":null}},"23":{"start":{"line":9,"column":0},"end":{"line":9,"column":16}}},"fnMap":{"0":{"name":"PessoaJuridica","decl":{"start":{"line":9,"column":16},"end":{"line":9,"column":30}},"loc":{"start":{"line":9,"column":30},"end":{"line":165,"column":1}}},"1":{"name":"(anonymous_1)","decl":{"start":{"line":32,"column":23},"end":{"line":32,"column":24}},"loc":{"start":{"line":32,"column":37},"end":{"line":35,"column":7}}},"2":{"name":"(anonymous_2)","decl":{"start":{"line":47,"column":30},"end":{"line":47,"column":31}},"loc":{"start":{"line":47,"column":36},"end":{"line":49,"column":22}}},"3":{"name":"(anonymous_3)","decl":{"start":{"line":63,"column":30},"end":{"line":63,"column":31}},"loc":{"start":{"line":63,"column":36},"end":{"line":65,"column":22}}},"4":{"name":"(anonymous_4)","decl":{"start":{"line":79,"column":30},"end":{"line":79,"column":31}},"loc":{"start":{"line":79,"column":36},"end":{"line":81,"column":22}}},"5":{"name":"(anonymous_5)","decl":{"start":{"line":94,"column":30},"end":{"line":94,"column":31}},"loc":{"start":{"line":94,"column":36},"end":{"line":96,"column":22}}},"6":{"name":"(anonymous_6)","decl":{"start":{"line":109,"column":30},"end":{"line":109,"column":31}},"loc":{"start":{"line":109,"column":36},"end":{"line":111,"column":22}}},"7":{"name":"(anonymous_7)","decl":{"start":{"line":127,"column":30},"end":{"line":127,"column":31}},"loc":{"start":{"line":127,"column":36},"end":{"line":129,"column":22}}},"8":{"name":"(anonymous_8)","decl":{"start":{"line":140,"column":120},"end":{"line":140,"column":122}},"loc":{"start":{"line":140,"column":124},"end":{"line":140,"column":163}}},"9":{"name":"(anonymous_9)","decl":{"start":{"line":146,"column":34},"end":{"line":146,"column":35}},"loc":{"start":{"line":146,"column":40},"end":{"line":148,"column":25}}}},"branchMap":{"0":{"loc":{"start":{"line":141,"column":29},"end":{"line":141,"column":90}},"type":"cond-expr","locations":[{"start":{"line":141,"column":51},"end":{"line":141,"column":68}},{"start":{"line":141,"column":69},"end":{"line":141,"column":90}}]}},"s":{"0":0,"1":0,"2":0,"3":0,"4":0,"5":0,"6":0,"7":0,"8":0,"9":0,"10":0,"11":0,"12":0,"13":0,"14":0,"15":0,"16":0,"17":0,"18":0,"19":0,"20":0,"21":0,"22":0,"23":0},"f":{"0":0,"1":0,"2":0,"3":0,"4":0,"5":0,"6":0,"7":0,"8":0,"9":0},"b":{"0":[0,0]}}
,"C:\\Users\\Christopher\\Documents\\project_venda\\venda+\\web\\src\\hooks\\useAuth.tsx": {"path":"C:\\Users\\Christopher\\Documents\\project_venda\\venda+\\web\\src\\hooks\\useAuth.tsx","statementMap":{"0":{"start":{"line":1,"column":0},"end":{"line":1,"column":44}},"1":{"start":{"line":4,"column":0},"end":{"line":4,"column":32}},"2":{"start":{"line":17,"column":46},"end":{"line":17,"column":61}},"3":{"start":{"line":18,"column":34},"end":{"line":18,"column":48}},"4":{"start":{"line":19,"column":26},"end":{"line":19,"column":42}},"5":{"start":{"line":21,"column":4},"end":{"line":32,"column":11}},"6":{"start":{"line":22,"column":28},"end":{"line":22,"column":57}},"7":{"start":{"line":23,"column":8},"end":{"line":23,"column":52}},"8":{"start":{"line":24,"column":8},"end":{"line":30,"column":null}},"9":{"start":{"line":25,"column":31},"end":{"line":25,"column":76}},"10":{"start":{"line":26,"column":12},"end":{"line":26,"column":83}},"11":{"start":{"line":27,"column":12},"end":{"line":27,"column":35}},"12":{"start":{"line":28,"column":12},"end":{"line":28,"column":26}},"13":{"start":{"line":29,"column":12},"end":{"line":29,"column":41}},"14":{"start":{"line":31,"column":8},"end":{"line":31,"column":26}},"15":{"start":{"line":35,"column":9},"end":{"line":60,"column":11}},"16":{"start":{"line":43,"column":31},"end":{"line":43,"column":44}},"17":{"start":{"line":45,"column":12},"end":{"line":45,"column":38}},"18":{"start":{"line":46,"column":12},"end":{"line":54,"column":null}},"19":{"start":{"line":47,"column":16},"end":{"line":47,"column":69}},"20":{"start":{"line":49,"column":16},"end":{"line":49,"column":30}},"21":{"start":{"line":51,"column":16},"end":{"line":51,"column":71}},"22":{"start":{"line":52,"column":16},"end":{"line":52,"column":39}},"23":{"start":{"line":53,"column":16},"end":{"line":53,"column":null}},"24":{"start":{"line":58,"column":12},"end":{"line":58,"column":42}},"25":{"start":{"line":59,"column":12},"end":{"line":59,"column":null}},"26":{"start":{"line":66,"column":8},"end":{"line":66,"column":32}},"27":{"start":{"line":67,"column":8},"end":{"line":67,"column":41}},"28":{"start":{"line":68,"column":8},"end":{"line":68,"column":48}},"29":{"start":{"line":69,"column":8},"end":{"line":69,"column":null}},"30":{"start":{"line":72,"column":4},"end":{"line":72,"column":87}},"31":{"start":{"line":16,"column":0},"end":{"line":16,"column":24}}},"fnMap":{"0":{"name":"useAuth","decl":{"start":{"line":16,"column":24},"end":{"line":16,"column":31}},"loc":{"start":{"line":16,"column":31},"end":{"line":73,"column":1}}},"1":{"name":"(anonymous_1)","decl":{"start":{"line":21,"column":14},"end":{"line":21,"column":17}},"loc":{"start":{"line":21,"column":19},"end":{"line":32,"column":5}}},"2":{"name":"handleLogin","decl":{"start":{"line":34,"column":19},"end":{"line":34,"column":30}},"loc":{"start":{"line":34,"column":55},"end":{"line":63,"column":5}}},"3":{"name":"(anonymous_3)","decl":{"start":{"line":42,"column":17},"end":{"line":42,"column":18}},"loc":{"start":{"line":42,"column":30},"end":{"line":57,"column":9}}},"4":{"name":"(anonymous_4)","decl":{"start":{"line":57,"column":17},"end":{"line":57,"column":18}},"loc":{"start":{"line":57,"column":27},"end":{"line":60,"column":9}}},"5":{"name":"handleLogout","decl":{"start":{"line":65,"column":13},"end":{"line":65,"column":25}},"loc":{"start":{"line":65,"column":25},"end":{"line":70,"column":5}}}},"branchMap":{"0":{"loc":{"start":{"line":23,"column":20},"end":{"line":23,"column":50}},"type":"cond-expr","locations":[{"start":{"line":23,"column":33},"end":{"line":23,"column":40}},{"start":{"line":23,"column":42},"end":{"line":23,"column":50}}]},"1":{"loc":{"start":{"line":24,"column":8},"end":{"line":30,"column":null}},"type":"if","locations":[{"start":{"line":24,"column":8},"end":{"line":30,"column":null}}]},"2":{"loc":{"start":{"line":25,"column":42},"end":{"line":25,"column":75}},"type":"binary-expr","locations":[{"start":{"line":25,"column":42},"end":{"line":25,"column":71}},{"start":{"line":25,"column":73},"end":{"line":25,"column":75}}]},"3":{"loc":{"start":{"line":46,"column":12},"end":{"line":54,"column":null}},"type":"if","locations":[{"start":{"line":46,"column":12},"end":{"line":54,"column":null}}]}},"s":{"0":0,"1":0,"2":0,"3":0,"4":0,"5":0,"6":0,"7":0,"8":0,"9":0,"10":0,"11":0,"12":0,"13":0,"14":0,"15":0,"16":0,"17":0,"18":0,"19":0,"20":0,"21":0,"22":0,"23":0,"24":0,"25":0,"26":0,"27":0,"28":0,"29":0,"30":0,"31":0},"f":{"0":0,"1":0,"2":0,"3":0,"4":0,"5":0},"b":{"0":[0,0],"1":[0],"2":[0,0],"3":[0]}}
,"C:\\Users\\Christopher\\Documents\\project_venda\\venda+\\web\\src\\hooks\\useCart.tsx": {"path":"C:\\Users\\Christopher\\Documents\\project_venda\\venda+\\web\\src\\hooks\\useCart.tsx","statementMap":{"0":{"start":{"line":1,"column":0},"end":{"line":1,"column":45}},"1":{"start":{"line":3,"column":0},"end":{"line":3,"column":45}},"2":{"start":{"line":4,"column":0},"end":{"line":4,"column":49}},"3":{"start":{"line":8,"column":26},"end":{"line":8,"column":54}},"4":{"start":{"line":9,"column":16},"end":{"line":9,"column":35}},"5":{"start":{"line":12,"column":4},"end":{"line":12,"column":null}},"6":{"start":{"line":13,"column":4},"end":{"line":27,"column":5}},"7":{"start":{"line":22,"column":6},"end":{"line":22,"column":39}},"8":{"start":{"line":25,"column":6},"end":{"line":25,"column":36}},"9":{"start":{"line":26,"column":6},"end":{"line":26,"column":null}},"10":{"start":{"line":31,"column":4},"end":{"line":43,"column":7}},"11":{"start":{"line":38,"column":8},"end":{"line":38,"column":41}},"12":{"start":{"line":39,"column":8},"end":{"line":39,"column":null}},"13":{"start":{"line":41,"column":8},"end":{"line":41,"column":38}},"14":{"start":{"line":42,"column":8},"end":{"line":42,"column":null}},"15":{"start":{"line":47,"column":6},"end":{"line":59,"column":7}},"16":{"start":{"line":54,"column":8},"end":{"line":54,"column":41}},"17":{"start":{"line":55,"column":8},"end":{"line":55,"column":null}},"18":{"start":{"line":57,"column":8},"end":{"line":57,"column":38}},"19":{"start":{"line":58,"column":8},"end":{"line":58,"column":null}},"20":{"start":{"line":63,"column":4},"end":{"line":63,"column":79}},"21":{"start":{"line":66,"column":2},"end":{"line":66,"column":79}},"22":{"start":{"line":7,"column":0},"end":{"line":7,"column":16}}},"fnMap":{"0":{"name":"useCart","decl":{"start":{"line":7,"column":16},"end":{"line":7,"column":23}},"loc":{"start":{"line":7,"column":23},"end":{"line":67,"column":1}}},"1":{"name":"handleCart","decl":{"start":{"line":11,"column":11},"end":{"line":11,"column":21}},"loc":{"start":{"line":11,"column":40},"end":{"line":28,"column":3}}},"2":{"name":"(anonymous_2)","decl":{"start":{"line":20,"column":10},"end":{"line":20,"column":11}},"loc":{"start":{"line":20,"column":23},"end":{"line":24,"column":3}}},"3":{"name":"(anonymous_3)","decl":{"start":{"line":24,"column":11},"end":{"line":24,"column":12}},"loc":{"start":{"line":24,"column":21},"end":{"line":27,"column":3}}},"4":{"name":"handleRemoveCart","decl":{"start":{"line":30,"column":11},"end":{"line":30,"column":27}},"loc":{"start":{"line":30,"column":42},"end":{"line":44,"column":3}}},"5":{"name":"(anonymous_5)","decl":{"start":{"line":36,"column":12},"end":{"line":36,"column":13}},"loc":{"start":{"line":36,"column":25},"end":{"line":40,"column":5}}},"6":{"name":"(anonymous_6)","decl":{"start":{"line":40,"column":13},"end":{"line":40,"column":14}},"loc":{"start":{"line":40,"column":23},"end":{"line":43,"column":5}}},"7":{"name":"handleUpdateCart","decl":{"start":{"line":46,"column":11},"end":{"line":46,"column":27}},"loc":{"start":{"line":46,"column":42},"end":{"line":60,"column":3}}},"8":{"name":"(anonymous_8)","decl":{"start":{"line":52,"column":12},"end":{"line":52,"column":13}},"loc":{"start":{"line":52,"column":25},"end":{"line":56,"column":5}}},"9":{"name":"(anonymous_9)","decl":{"start":{"line":56,"column":13},"end":{"line":56,"column":14}},"loc":{"start":{"line":56,"column":23},"end":{"line":59,"column":5}}},"10":{"name":"formatMoney","decl":{"start":{"line":62,"column":11},"end":{"line":62,"column":22}},"loc":{"start":{"line":62,"column":37},"end":{"line":64,"column":3}}}},"branchMap":{},"s":{"0":0,"1":0,"2":0,"3":0,"4":0,"5":0,"6":0,"7":0,"8":0,"9":0,"10":0,"11":0,"12":0,"13":0,"14":0,"15":0,"16":0,"17":0,"18":0,"19":0,"20":0,"21":0,"22":0},"f":{"0":0,"1":0,"2":0,"3":0,"4":0,"5":0,"6":0,"7":0,"8":0,"9":0,"10":0},"b":{}}
,"C:\\Users\\Christopher\\Documents\\project_venda\\venda+\\web\\src\\hooks\\useFormatPassword.tsx": {"path":"C:\\Users\\Christopher\\Documents\\project_venda\\venda+\\web\\src\\hooks\\useFormatPassword.tsx","statementMap":{"0":{"start":{"line":1,"column":0},"end":{"line":1,"column":43}},"1":{"start":{"line":4,"column":44},"end":{"line":4,"column":72}},"2":{"start":{"line":5,"column":36},"end":{"line":5,"column":60}},"3":{"start":{"line":6,"column":25},"end":{"line":11,"column":5}},"4":{"start":{"line":7,"column":21},"end":{"line":7,"column":108}},"5":{"start":{"line":8,"column":25},"end":{"line":8,"column":54}},"6":{"start":{"line":9,"column":8},"end":{"line":9,"column":null}},"7":{"start":{"line":10,"column":8},"end":{"line":10,"column":null}},"8":{"start":{"line":12,"column":4},"end":{"line":12,"column":null}},"9":{"start":{"line":3,"column":0},"end":{"line":3,"column":16}}},"fnMap":{"0":{"name":"useFormatPassword","decl":{"start":{"line":3,"column":16},"end":{"line":3,"column":33}},"loc":{"start":{"line":3,"column":33},"end":{"line":13,"column":1}}},"1":{"name":"(anonymous_1)","decl":{"start":{"line":6,"column":25},"end":{"line":6,"column":26}},"loc":{"start":{"line":6,"column":66},"end":{"line":11,"column":5}}}},"branchMap":{"0":{"loc":{"start":{"line":7,"column":21},"end":{"line":7,"column":108}},"type":"cond-expr","locations":[{"start":{"line":7,"column":89},"end":{"line":7,"column":95}},{"start":{"line":7,"column":98},"end":{"line":7,"column":108}}]},"1":{"loc":{"start":{"line":8,"column":25},"end":{"line":8,"column":54}},"type":"cond-expr","locations":[{"start":{"line":8,"column":42},"end":{"line":8,"column":46}},{"start":{"line":8,"column":49},"end":{"line":8,"column":54}}]}},"s":{"0":0,"1":0,"2":0,"3":0,"4":0,"5":0,"6":0,"7":0,"8":0,"9":0},"f":{"0":0,"1":0},"b":{"0":[0,0],"1":[0,0]}}
,"C:\\Users\\Christopher\\Documents\\project_venda\\venda+\\web\\src\\hooks\\useMask.tsx": {"path":"C:\\Users\\Christopher\\Documents\\project_venda\\venda+\\web\\src\\hooks\\useMask.tsx","statementMap":{"0":{"start":{"line":2,"column":21},"end":{"line":20,"column":7}},"1":{"start":{"line":3,"column":16},"end":{"line":3,"column":51}},"2":{"start":{"line":4,"column":8},"end":{"line":6,"column":null}},"3":{"start":{"line":5,"column":12},"end":{"line":5,"column":null}},"4":{"start":{"line":7,"column":8},"end":{"line":18,"column":null}},"5":{"start":{"line":8,"column":10},"end":{"line":8,"column":65}},"6":{"start":{"line":10,"column":13},"end":{"line":18,"column":null}},"7":{"start":{"line":11,"column":12},"end":{"line":16,"column":null}},"8":{"start":{"line":12,"column":16},"end":{"line":12,"column":null}},"9":{"start":{"line":14,"column":17},"end":{"line":16,"column":null}},"10":{"start":{"line":15,"column":16},"end":{"line":15,"column":57}},"11":{"start":{"line":17,"column":12},"end":{"line":17,"column":51}},"12":{"start":{"line":19,"column":8},"end":{"line":19,"column":null}},"13":{"start":{"line":22,"column":20},"end":{"line":34,"column":5}},"14":{"start":{"line":23,"column":16},"end":{"line":23,"column":52}},"15":{"start":{"line":24,"column":8},"end":{"line":32,"column":null}},"16":{"start":{"line":25,"column":12},"end":{"line":25,"column":83}},"17":{"start":{"line":27,"column":13},"end":{"line":32,"column":null}},"18":{"start":{"line":28,"column":10},"end":{"line":28,"column":65}},"19":{"start":{"line":30,"column":13},"end":{"line":32,"column":null}},"20":{"start":{"line":31,"column":12},"end":{"line":31,"column":51}},"21":{"start":{"line":33,"column":8},"end":{"line":33,"column":null}},"22":{"start":{"line":36,"column":25},"end":{"line":45,"column":5}},"23":{"start":{"line":37,"column":16},"end":{"line":37,"column":52}},"24":{"start":{"line":38,"column":7},"end":{"line":43,"column":null}},"25":{"start":{"line":39,"column":10},"end":{"line":39,"column":67}},"26":{"start":{"line":41,"column":13},"end":{"line":43,"column":null}},"27":{"start":{"line":42,"column":12},"end":{"line":42,"column":53}},"28":{"start":{"line":44,"column":8},"end":{"line":44,"column":null}},"29":{"start":{"line":47,"column":20},"end":{"line":53,"column":5}},"30":{"start":{"line":48,"column":16},"end":{"line":48,"column":51}},"31":{"start":{"line":49,"column":8},"end":{"line":51,"column":null}},"32":{"start":{"line":50,"column":12},"end":{"line":50,"column":51}},"33":{"start":{"line":52,"column":8},"end":{"line":52,"column":null}},"34":{"start":{"line":55,"column":21},"end":{"line":70,"column":5}},"35":{"start":{"line":56,"column":16},"end":{"line":56,"column":52}},"36":{"start":{"line":57,"column":8},"end":{"line":59,"column":null}},"37":{"start":{"line":58,"column":12},"end":{"line":58,"column":101}},"38":{"start":{"line":60,"column":8},"end":{"line":68,"column":null}},"39":{"start":{"line":61,"column":12},"end":{"line":61,"column":83}},"40":{"start":{"line":63,"column":13},"end":{"line":68,"column":null}},"41":{"start":{"line":64,"column":10},"end":{"line":64,"column":65}},"42":{"start":{"line":66,"column":13},"end":{"line":68,"column":null}},"43":{"start":{"line":67,"column":12},"end":{"line":67,"column":51}},"44":{"start":{"line":69,"column":8},"end":{"line":69,"column":null}},"45":{"start":{"line":72,"column":4},"end":{"line":72,"column":null}},"46":{"start":{"line":1,"column":0},"end":{"line":1,"column":16}}},"fnMap":{"0":{"name":"useMask","decl":{"start":{"line":1,"column":16},"end":{"line":1,"column":23}},"loc":{"start":{"line":1,"column":23},"end":{"line":73,"column":1}}},"1":{"name":"(anonymous_1)","decl":{"start":{"line":2,"column":21},"end":{"line":2,"column":22}},"loc":{"start":{"line":2,"column":40},"end":{"line":20,"column":7}}},"2":{"name":"(anonymous_2)","decl":{"start":{"line":22,"column":20},"end":{"line":22,"column":21}},"loc":{"start":{"line":22,"column":38},"end":{"line":34,"column":5}}},"3":{"name":"(anonymous_3)","decl":{"start":{"line":36,"column":25},"end":{"line":36,"column":26}},"loc":{"start":{"line":36,"column":43},"end":{"line":45,"column":5}}},"4":{"name":"(anonymous_4)","decl":{"start":{"line":47,"column":20},"end":{"line":47,"column":21}},"loc":{"start":{"line":47,"column":38},"end":{"line":53,"column":5}}},"5":{"name":"(anonymous_5)","decl":{"start":{"line":55,"column":21},"end":{"line":55,"column":22}},"loc":{"start":{"line":55,"column":39},"end":{"line":70,"column":5}}}},"branchMap":{"0":{"loc":{"start":{"line":4,"column":8},"end":{"line":6,"column":null}},"type":"if","locations":[{"start":{"line":4,"column":8},"end":{"line":6,"column":null}}]},"1":{"loc":{"start":{"line":4,"column":12},"end":{"line":4,"column":46}},"type":"binary-expr","locations":[{"start":{"line":4,"column":12},"end":{"line":4,"column":26}},{"start":{"line":4,"column":30},"end":{"line":4,"column":46}}]},"2":{"loc":{"start":{"line":7,"column":8},"end":{"line":18,"column":null}},"type":"if","locations":[{"start":{"line":7,"column":8},"end":{"line":18,"column":null}},{"start":{"line":10,"column":13},"end":{"line":18,"column":null}}]},"3":{"loc":{"start":{"line":10,"column":13},"end":{"line":18,"column":null}},"type":"if","locations":[{"start":{"line":10,"column":13},"end":{"line":18,"column":null}}]},"4":{"loc":{"start":{"line":11,"column":12},"end":{"line":16,"column":null}},"type":"if","locations":[{"start":{"line":11,"column":12},"end":{"line":16,"column":null}},{"start":{"line":14,"column":17},"end":{"line":16,"column":null}}]},"5":{"loc":{"start":{"line":14,"column":17},"end":{"line":16,"column":null}},"type":"if","locations":[{"start":{"line":14,"column":17},"end":{"line":16,"column":null}}]},"6":{"loc":{"start":{"line":24,"column":8},"end":{"line":32,"column":null}},"type":"if","locations":[{"start":{"line":24,"column":8},"end":{"line":32,"column":null}},{"start":{"line":27,"column":13},"end":{"line":32,"column":null}}]},"7":{"loc":{"start":{"line":27,"column":13},"end":{"line":32,"column":null}},"type":"if","locations":[{"start":{"line":27,"column":13},"end":{"line":32,"column":null}},{"start":{"line":30,"column":13},"end":{"line":32,"column":null}}]},"8":{"loc":{"start":{"line":30,"column":13},"end":{"line":32,"column":null}},"type":"if","locations":[{"start":{"line":30,"column":13},"end":{"line":32,"column":null}}]},"9":{"loc":{"start":{"line":38,"column":7},"end":{"line":43,"column":null}},"type":"if","locations":[{"start":{"line":38,"column":7},"end":{"line":43,"column":null}},{"start":{"line":41,"column":13},"end":{"line":43,"column":null}}]},"10":{"loc":{"start":{"line":41,"column":13},"end":{"line":43,"column":null}},"type":"if","locations":[{"start":{"line":41,"column":13},"end":{"line":43,"column":null}}]},"11":{"loc":{"start":{"line":49,"column":8},"end":{"line":51,"column":null}},"type":"if","locations":[{"start":{"line":49,"column":8},"end":{"line":51,"column":null}}]},"12":{"loc":{"start":{"line":57,"column":8},"end":{"line":59,"column":null}},"type":"if","locations":[{"start":{"line":57,"column":8},"end":{"line":59,"column":null}}]},"13":{"loc":{"start":{"line":60,"column":8},"end":{"line":68,"column":null}},"type":"if","locations":[{"start":{"line":60,"column":8},"end":{"line":68,"column":null}},{"start":{"line":63,"column":13},"end":{"line":68,"column":null}}]},"14":{"loc":{"start":{"line":63,"column":13},"end":{"line":68,"column":null}},"type":"if","locations":[{"start":{"line":63,"column":13},"end":{"line":68,"column":null}},{"start":{"line":66,"column":13},"end":{"line":68,"column":null}}]},"15":{"loc":{"start":{"line":66,"column":13},"end":{"line":68,"column":null}},"type":"if","locations":[{"start":{"line":66,"column":13},"end":{"line":68,"column":null}}]}},"s":{"0":0,"1":0,"2":0,"3":0,"4":0,"5":0,"6":0,"7":0,"8":0,"9":0,"10":0,"11":0,"12":0,"13":0,"14":0,"15":0,"16":0,"17":0,"18":0,"19":0,"20":0,"21":0,"22":0,"23":0,"24":0,"25":0,"26":0,"27":0,"28":0,"29":0,"30":0,"31":0,"32":0,"33":0,"34":0,"35":0,"36":0,"37":0,"38":0,"39":0,"40":0,"41":0,"42":0,"43":0,"44":0,"45":0,"46":0},"f":{"0":0,"1":0,"2":0,"3":0,"4":0,"5":0},"b":{"0":[0],"1":[0,0],"2":[0,0],"3":[0],"4":[0,0],"5":[0],"6":[0,0],"7":[0,0],"8":[0],"9":[0,0],"10":[0],"11":[0],"12":[0],"13":[0,0],"14":[0,0],"15":[0]}}
,"C:\\Users\\Christopher\\Documents\\project_venda\\venda+\\web\\src\\hooks\\useProduct.tsx": {"path":"C:\\Users\\Christopher\\Documents\\project_venda\\venda+\\web\\src\\hooks\\useProduct.tsx","statementMap":{"0":{"start":{"line":1,"column":0},"end":{"line":1,"column":45}},"1":{"start":{"line":2,"column":0},"end":{"line":2,"column":45}},"2":{"start":{"line":3,"column":0},"end":{"line":3,"column":49}},"3":{"start":{"line":9,"column":16},"end":{"line":9,"column":35}},"4":{"start":{"line":10,"column":32},"end":{"line":10,"column":56}},"5":{"start":{"line":13,"column":4},"end":{"line":13,"column":24}},"6":{"start":{"line":17,"column":4},"end":{"line":17,"column":null}},"7":{"start":{"line":18,"column":6},"end":{"line":37,"column":7}},"8":{"start":{"line":31,"column":8},"end":{"line":31,"column":41}},"9":{"start":{"line":32,"column":8},"end":{"line":32,"column":null}},"10":{"start":{"line":35,"column":8},"end":{"line":35,"column":38}},"11":{"start":{"line":36,"column":8},"end":{"line":36,"column":null}},"12":{"start":{"line":43,"column":4},"end":{"line":43,"column":null}},"13":{"start":{"line":45,"column":17},"end":{"line":45,"column":31}},"14":{"start":{"line":46,"column":4},"end":{"line":46,"column":null}},"15":{"start":{"line":48,"column":4},"end":{"line":60,"column":5}},"16":{"start":{"line":54,"column":6},"end":{"line":54,"column":39}},"17":{"start":{"line":55,"column":6},"end":{"line":55,"column":null}},"18":{"start":{"line":58,"column":6},"end":{"line":58,"column":36}},"19":{"start":{"line":59,"column":6},"end":{"line":59,"column":null}},"20":{"start":{"line":63,"column":2},"end":{"line":63,"column":51}},"21":{"start":{"line":8,"column":0},"end":{"line":8,"column":24}}},"fnMap":{"0":{"name":"useProduct","decl":{"start":{"line":8,"column":24},"end":{"line":8,"column":34}},"loc":{"start":{"line":8,"column":34},"end":{"line":64,"column":1}}},"1":{"name":"handleProduct","decl":{"start":{"line":12,"column":11},"end":{"line":12,"column":24}},"loc":{"start":{"line":12,"column":46},"end":{"line":14,"column":3}}},"2":{"name":"createProduct","decl":{"start":{"line":16,"column":11},"end":{"line":16,"column":24}},"loc":{"start":{"line":16,"column":54},"end":{"line":39,"column":3}}},"3":{"name":"(anonymous_3)","decl":{"start":{"line":29,"column":12},"end":{"line":29,"column":13}},"loc":{"start":{"line":29,"column":25},"end":{"line":34,"column":5}}},"4":{"name":"(anonymous_4)","decl":{"start":{"line":34,"column":13},"end":{"line":34,"column":14}},"loc":{"start":{"line":34,"column":23},"end":{"line":37,"column":5}}},"5":{"name":"uplodFotos","decl":{"start":{"line":41,"column":11},"end":{"line":41,"column":21}},"loc":{"start":{"line":41,"column":45},"end":{"line":62,"column":3}}},"6":{"name":"(anonymous_6)","decl":{"start":{"line":53,"column":10},"end":{"line":53,"column":11}},"loc":{"start":{"line":53,"column":23},"end":{"line":57,"column":3}}},"7":{"name":"(anonymous_7)","decl":{"start":{"line":57,"column":11},"end":{"line":57,"column":12}},"loc":{"start":{"line":57,"column":21},"end":{"line":60,"column":3}}}},"branchMap":{},"s":{"0":0,"1":0,"2":0,"3":0,"4":0,"5":0,"6":0,"7":0,"8":0,"9":0,"10":0,"11":0,"12":0,"13":0,"14":0,"15":0,"16":0,"17":0,"18":0,"19":0,"20":0,"21":0},"f":{"0":0,"1":0,"2":0,"3":0,"4":0,"5":0,"6":0,"7":0},"b":{}}
,"C:\\Users\\Christopher\\Documents\\project_venda\\venda+\\web\\src\\hooks\\useRegister.tsx": {"path":"C:\\Users\\Christopher\\Documents\\project_venda\\venda+\\web\\src\\hooks\\useRegister.tsx","statementMap":{"0":{"start":{"line":1,"column":0},"end":{"line":1,"column":29}},"1":{"start":{"line":26,"column":8},"end":{"line":47,"column":10}},"2":{"start":{"line":41,"column":12},"end":{"line":41,"column":34}},"3":{"start":{"line":42,"column":12},"end":{"line":42,"column":null}},"4":{"start":{"line":45,"column":11},"end":{"line":45,"column":41}},"5":{"start":{"line":50,"column":8},"end":{"line":69,"column":7}},"6":{"start":{"line":63,"column":12},"end":{"line":63,"column":34}},"7":{"start":{"line":64,"column":12},"end":{"line":64,"column":null}},"8":{"start":{"line":67,"column":8},"end":{"line":67,"column":38}},"9":{"start":{"line":71,"column":3},"end":{"line":71,"column":null}},"10":{"start":{"line":24,"column":0},"end":{"line":24,"column":16}}},"fnMap":{"0":{"name":"useRegister","decl":{"start":{"line":24,"column":16},"end":{"line":24,"column":27}},"loc":{"start":{"line":24,"column":27},"end":{"line":72,"column":1}}},"1":{"name":"handleRegisterFisica","decl":{"start":{"line":25,"column":19},"end":{"line":25,"column":39}},"loc":{"start":{"line":25,"column":64},"end":{"line":48,"column":4}}},"2":{"name":"(anonymous_2)","decl":{"start":{"line":39,"column":16},"end":{"line":39,"column":17}},"loc":{"start":{"line":39,"column":29},"end":{"line":44,"column":8}}},"3":{"name":"(anonymous_3)","decl":{"start":{"line":44,"column":16},"end":{"line":44,"column":17}},"loc":{"start":{"line":44,"column":26},"end":{"line":47,"column":8}}},"4":{"name":"handleRegisterJuridica","decl":{"start":{"line":49,"column":18},"end":{"line":49,"column":40}},"loc":{"start":{"line":49,"column":67},"end":{"line":70,"column":5}}},"5":{"name":"(anonymous_5)","decl":{"start":{"line":61,"column":16},"end":{"line":61,"column":17}},"loc":{"start":{"line":61,"column":29},"end":{"line":66,"column":5}}},"6":{"name":"(anonymous_6)","decl":{"start":{"line":66,"column":13},"end":{"line":66,"column":14}},"loc":{"start":{"line":66,"column":23},"end":{"line":69,"column":5}}}},"branchMap":{},"s":{"0":0,"1":0,"2":0,"3":0,"4":0,"5":0,"6":0,"7":0,"8":0,"9":0,"10":0},"f":{"0":0,"1":0,"2":0,"3":0,"4":0,"5":0,"6":0},"b":{}}
,"C:\\Users\\Christopher\\Documents\\project_venda\\venda+\\web\\src\\hooks\\useScroll.tsx": {"path":"C:\\Users\\Christopher\\Documents\\project_venda\\venda+\\web\\src\\hooks\\useScroll.tsx","statementMap":{"0":{"start":{"line":1,"column":0},"end":{"line":1,"column":33}},"1":{"start":{"line":5,"column":44},"end":{"line":5,"column":60}},"2":{"start":{"line":8,"column":8},"end":{"line":15,"column":null}},"3":{"start":{"line":12,"column":12},"end":{"line":12,"column":37}},"4":{"start":{"line":14,"column":12},"end":{"line":14,"column":36}},"5":{"start":{"line":19,"column":8},"end":{"line":19,"column":null}},"6":{"start":{"line":22,"column":4},"end":{"line":22,"column":null}},"7":{"start":{"line":3,"column":0},"end":{"line":3,"column":16}}},"fnMap":{"0":{"name":"useScroll","decl":{"start":{"line":3,"column":16},"end":{"line":3,"column":25}},"loc":{"start":{"line":3,"column":25},"end":{"line":23,"column":1}}},"1":{"name":"scrollFunction","decl":{"start":{"line":7,"column":13},"end":{"line":7,"column":27}},"loc":{"start":{"line":7,"column":27},"end":{"line":16,"column":5}}},"2":{"name":"backToTop","decl":{"start":{"line":18,"column":13},"end":{"line":18,"column":22}},"loc":{"start":{"line":18,"column":22},"end":{"line":20,"column":5}}}},"branchMap":{"0":{"loc":{"start":{"line":8,"column":8},"end":{"line":15,"column":null}},"type":"if","locations":[{"start":{"line":8,"column":8},"end":{"line":15,"column":null}},{"start":{"line":13,"column":15},"end":{"line":15,"column":null}}]},"1":{"loc":{"start":{"line":9,"column":10},"end":{"line":10,"column":49}},"type":"binary-expr","locations":[{"start":{"line":9,"column":10},"end":{"line":9,"column":38}},{"start":{"line":10,"column":10},"end":{"line":10,"column":49}}]}},"s":{"0":0,"1":0,"2":0,"3":0,"4":0,"5":0,"6":0,"7":0},"f":{"0":0,"1":0,"2":0},"b":{"0":[0,0],"1":[0,0]}}
,"C:\\Users\\Christopher\\Documents\\project_venda\\venda+\\web\\src\\page\\Cadastro\\index.tsx": {"path":"C:\\Users\\Christopher\\Documents\\project_venda\\venda+\\web\\src\\page\\Cadastro\\index.tsx","statementMap":{"0":{"start":{"line":1,"column":0},"end":{"line":1,"column":49}},"1":{"start":{"line":2,"column":0},"end":{"line":2,"column":33}},"2":{"start":{"line":3,"column":0},"end":{"line":3,"column":61}},"3":{"start":{"line":4,"column":0},"end":{"line":4,"column":65}},"4":{"start":{"line":6,"column":36},"end":{"line":6,"column":60}},"5":{"start":{"line":8,"column":4},"end":{"line":25,"column":null}},"6":{"start":{"line":17,"column":90},"end":{"line":17,"column":108}},"7":{"start":{"line":18,"column":94},"end":{"line":18,"column":111}},"8":{"start":{"line":5,"column":0},"end":{"line":5,"column":16}}},"fnMap":{"0":{"name":"Cadastro","decl":{"start":{"line":5,"column":16},"end":{"line":5,"column":24}},"loc":{"start":{"line":5,"column":24},"end":{"line":26,"column":1}}},"1":{"name":"(anonymous_1)","decl":{"start":{"line":17,"column":86},"end":{"line":17,"column":88}},"loc":{"start":{"line":17,"column":90},"end":{"line":17,"column":108}}},"2":{"name":"(anonymous_2)","decl":{"start":{"line":18,"column":90},"end":{"line":18,"column":92}},"loc":{"start":{"line":18,"column":94},"end":{"line":18,"column":111}}}},"branchMap":{"0":{"loc":{"start":{"line":22,"column":17},"end":{"line":22,"column":62}},"type":"cond-expr","locations":[{"start":{"line":22,"column":28},"end":{"line":22,"column":46}},{"start":{"line":22,"column":47},"end":{"line":22,"column":62}}]}},"s":{"0":0,"1":0,"2":0,"3":0,"4":0,"5":0,"6":0,"7":0,"8":0},"f":{"0":0,"1":0,"2":0},"b":{"0":[0,0]}}
,"C:\\Users\\Christopher\\Documents\\project_venda\\venda+\\web\\src\\page\\Carrinho\\index.tsx": {"path":"C:\\Users\\Christopher\\Documents\\project_venda\\venda+\\web\\src\\page\\Carrinho\\index.tsx","statementMap":{"0":{"start":{"line":1,"column":0},"end":{"line":1,"column":64}},"1":{"start":{"line":2,"column":0},"end":{"line":2,"column":40}},"2":{"start":{"line":3,"column":0},"end":{"line":3,"column":48}},"3":{"start":{"line":4,"column":0},"end":{"line":4,"column":53}},"4":{"start":{"line":5,"column":0},"end":{"line":5,"column":52}},"5":{"start":{"line":6,"column":0},"end":{"line":6,"column":46}},"6":{"start":{"line":9,"column":14},"end":{"line":13,"column":null}},"7":{"start":{"line":20,"column":40},"end":{"line":20,"column":84}},"8":{"start":{"line":21,"column":48},"end":{"line":21,"column":69}},"9":{"start":{"line":23,"column":22},"end":{"line":23,"column":53}},"10":{"start":{"line":25,"column":18},"end":{"line":25,"column":37}},"11":{"start":{"line":26,"column":24},"end":{"line":26,"column":33}},"12":{"start":{"line":28,"column":2},"end":{"line":36,"column":null}},"13":{"start":{"line":29,"column":4},"end":{"line":34,"column":null}},"14":{"start":{"line":31,"column":22},"end":{"line":31,"column":35}},"15":{"start":{"line":33,"column":6},"end":{"line":33,"column":null}},"16":{"start":{"line":39,"column":2},"end":{"line":124,"column":4}},"17":{"start":{"line":64,"column":14},"end":{"line":71,"column":null}},"18":{"start":{"line":103,"column":106},"end":{"line":103,"column":157}},"19":{"start":{"line":18,"column":0},"end":{"line":18,"column":16}}},"fnMap":{"0":{"name":"Carrinho","decl":{"start":{"line":18,"column":16},"end":{"line":18,"column":24}},"loc":{"start":{"line":18,"column":24},"end":{"line":125,"column":1}}},"1":{"name":"(anonymous_1)","decl":{"start":{"line":28,"column":12},"end":{"line":28,"column":15}},"loc":{"start":{"line":28,"column":17},"end":{"line":36,"column":3}}},"2":{"name":"(anonymous_2)","decl":{"start":{"line":31,"column":10},"end":{"line":31,"column":18}},"loc":{"start":{"line":31,"column":22},"end":{"line":31,"column":35}}},"3":{"name":"(anonymous_3)","decl":{"start":{"line":32,"column":10},"end":{"line":32,"column":14}},"loc":{"start":{"line":32,"column":17},"end":{"line":34,"column":5}}},"4":{"name":"(anonymous_4)","decl":{"start":{"line":63,"column":44},"end":{"line":63,"column":45}},"loc":{"start":{"line":63,"column":62},"end":{"line":73,"column":13}}},"5":{"name":"(anonymous_5)","decl":{"start":{"line":103,"column":101},"end":{"line":103,"column":103}},"loc":{"start":{"line":103,"column":105},"end":{"line":103,"column":158}}}},"branchMap":{},"s":{"0":0,"1":0,"2":0,"3":0,"4":0,"5":0,"6":0,"7":0,"8":0,"9":0,"10":0,"11":0,"12":0,"13":0,"14":0,"15":0,"16":0,"17":0,"18":0,"19":0},"f":{"0":0,"1":0,"2":0,"3":0,"4":0,"5":0},"b":{}}
,"C:\\Users\\Christopher\\Documents\\project_venda\\venda+\\web\\src\\page\\Home\\index.tsx": {"path":"C:\\Users\\Christopher\\Documents\\project_venda\\venda+\\web\\src\\page\\Home\\index.tsx","statementMap":{"0":{"start":{"line":1,"column":0},"end":{"line":1,"column":44}},"1":{"start":{"line":2,"column":0},"end":{"line":2,"column":40}},"2":{"start":{"line":3,"column":0},"end":{"line":3,"column":53}},"3":{"start":{"line":4,"column":0},"end":{"line":4,"column":73}},"4":{"start":{"line":8,"column":46},"end":{"line":8,"column":73}},"5":{"start":{"line":10,"column":4},"end":{"line":16,"column":11}},"6":{"start":{"line":11,"column":8},"end":{"line":15,"column":null}},"7":{"start":{"line":12,"column":30},"end":{"line":12,"column":61}},"8":{"start":{"line":14,"column":16},"end":{"line":14,"column":35}},"9":{"start":{"line":17,"column":4},"end":{"line":30,"column":null}},"10":{"start":{"line":7,"column":0},"end":{"line":7,"column":16}}},"fnMap":{"0":{"name":"Home","decl":{"start":{"line":7,"column":16},"end":{"line":7,"column":20}},"loc":{"start":{"line":7,"column":20},"end":{"line":31,"column":1}}},"1":{"name":"(anonymous_1)","decl":{"start":{"line":10,"column":14},"end":{"line":10,"column":17}},"loc":{"start":{"line":10,"column":19},"end":{"line":16,"column":5}}},"2":{"name":"(anonymous_2)","decl":{"start":{"line":12,"column":18},"end":{"line":12,"column":26}},"loc":{"start":{"line":12,"column":30},"end":{"line":12,"column":61}}},"3":{"name":"(anonymous_3)","decl":{"start":{"line":13,"column":19},"end":{"line":13,"column":28}},"loc":{"start":{"line":13,"column":33},"end":{"line":15,"column":13}}}},"branchMap":{},"s":{"0":0,"1":0,"2":0,"3":0,"4":0,"5":0,"6":0,"7":0,"8":0,"9":0,"10":0},"f":{"0":0,"1":0,"2":0,"3":0},"b":{}}
,"C:\\Users\\Christopher\\Documents\\project_venda\\venda+\\web\\src\\page\\Login\\index.tsx": {"path":"C:\\Users\\Christopher\\Documents\\project_venda\\venda+\\web\\src\\page\\Login\\index.tsx","statementMap":{"0":{"start":{"line":1,"column":0},"end":{"line":1,"column":49}},"1":{"start":{"line":2,"column":0},"end":{"line":2,"column":52}},"2":{"start":{"line":3,"column":0},"end":{"line":3,"column":42}},"3":{"start":{"line":5,"column":0},"end":{"line":5,"column":67}},"4":{"start":{"line":6,"column":0},"end":{"line":6,"column":42}},"5":{"start":{"line":7,"column":0},"end":{"line":7,"column":66}},"6":{"start":{"line":10,"column":27},"end":{"line":10,"column":46}},"7":{"start":{"line":11,"column":22},"end":{"line":11,"column":52}},"8":{"start":{"line":12,"column":26},"end":{"line":12,"column":35}},"9":{"start":{"line":21,"column":10},"end":{"line":25,"column":10}},"10":{"start":{"line":26,"column":23},"end":{"line":29,"column":7}},"11":{"start":{"line":27,"column":8},"end":{"line":27,"column":38}},"12":{"start":{"line":28,"column":8},"end":{"line":28,"column":null}},"13":{"start":{"line":32,"column":4},"end":{"line":90,"column":null}},"14":{"start":{"line":58,"column":24},"end":{"line":58,"column":null}},"15":{"start":{"line":67,"column":121},"end":{"line":67,"column":159}},"16":{"start":{"line":75,"column":24},"end":{"line":75,"column":null}},"17":{"start":{"line":9,"column":0},"end":{"line":9,"column":16}}},"fnMap":{"0":{"name":"Login","decl":{"start":{"line":9,"column":16},"end":{"line":9,"column":21}},"loc":{"start":{"line":9,"column":21},"end":{"line":91,"column":1}}},"1":{"name":"(anonymous_1)","decl":{"start":{"line":26,"column":23},"end":{"line":26,"column":24}},"loc":{"start":{"line":26,"column":37},"end":{"line":29,"column":7}}},"2":{"name":"(anonymous_2)","decl":{"start":{"line":57,"column":30},"end":{"line":57,"column":31}},"loc":{"start":{"line":57,"column":36},"end":{"line":59,"column":22}}},"3":{"name":"(anonymous_3)","decl":{"start":{"line":67,"column":116},"end":{"line":67,"column":118}},"loc":{"start":{"line":67,"column":120},"end":{"line":67,"column":159}}},"4":{"name":"(anonymous_4)","decl":{"start":{"line":74,"column":30},"end":{"line":74,"column":31}},"loc":{"start":{"line":74,"column":36},"end":{"line":76,"column":22}}}},"branchMap":{"0":{"loc":{"start":{"line":68,"column":25},"end":{"line":68,"column":86}},"type":"cond-expr","locations":[{"start":{"line":68,"column":47},"end":{"line":68,"column":64}},{"start":{"line":68,"column":65},"end":{"line":68,"column":86}}]}},"s":{"0":0,"1":0,"2":0,"3":0,"4":0,"5":0,"6":0,"7":0,"8":0,"9":0,"10":0,"11":0,"12":0,"13":0,"14":0,"15":0,"16":0,"17":0},"f":{"0":0,"1":0,"2":0,"3":0,"4":0},"b":{"0":[0,0]}}
,"C:\\Users\\Christopher\\Documents\\project_venda\\venda+\\web\\src\\page\\MeusProdutos\\index.tsx": {"path":"C:\\Users\\Christopher\\Documents\\project_venda\\venda+\\web\\src\\page\\MeusProdutos\\index.tsx","statementMap":{"0":{"start":{"line":1,"column":0},"end":{"line":1,"column":73}},"1":{"start":{"line":2,"column":0},"end":{"line":2,"column":56}},"2":{"start":{"line":3,"column":0},"end":{"line":3,"column":63}},"3":{"start":{"line":4,"column":0},"end":{"line":4,"column":40}},"4":{"start":{"line":6,"column":0},"end":{"line":6,"column":48}},"5":{"start":{"line":7,"column":0},"end":{"line":7,"column":52}},"6":{"start":{"line":8,"column":0},"end":{"line":8,"column":45}},"7":{"start":{"line":9,"column":0},"end":{"line":9,"column":50}},"8":{"start":{"line":13,"column":15},"end":{"line":13,"column":34}},"9":{"start":{"line":14,"column":28},"end":{"line":14,"column":47}},"10":{"start":{"line":15,"column":34},"end":{"line":15,"column":62}},"11":{"start":{"line":17,"column":24},"end":{"line":17,"column":35}},"12":{"start":{"line":19,"column":2},"end":{"line":26,"column":9}},"13":{"start":{"line":21,"column":4},"end":{"line":25,"column":null}},"14":{"start":{"line":23,"column":27},"end":{"line":23,"column":40}},"15":{"start":{"line":24,"column":8},"end":{"line":24,"column":null}},"16":{"start":{"line":28,"column":2},"end":{"line":28,"column":null}},"17":{"start":{"line":30,"column":2},"end":{"line":131,"column":4}},"18":{"start":{"line":109,"column":20},"end":{"line":125,"column":22}},"19":{"start":{"line":114,"column":26},"end":{"line":114,"column":38}},"20":{"start":{"line":115,"column":26},"end":{"line":115,"column":50}},"21":{"start":{"line":11,"column":0},"end":{"line":11,"column":16}}},"fnMap":{"0":{"name":"MeusProdutos","decl":{"start":{"line":11,"column":16},"end":{"line":11,"column":28}},"loc":{"start":{"line":11,"column":28},"end":{"line":132,"column":1}}},"1":{"name":"(anonymous_1)","decl":{"start":{"line":19,"column":12},"end":{"line":19,"column":15}},"loc":{"start":{"line":19,"column":17},"end":{"line":26,"column":3}}},"2":{"name":"(anonymous_2)","decl":{"start":{"line":22,"column":12},"end":{"line":22,"column":21}},"loc":{"start":{"line":22,"column":29},"end":{"line":25,"column":7}}},"3":{"name":"(anonymous_3)","decl":{"start":{"line":108,"column":32},"end":{"line":108,"column":33}},"loc":{"start":{"line":108,"column":50},"end":{"line":126,"column":19}}},"4":{"name":"(anonymous_4)","decl":{"start":{"line":113,"column":33},"end":{"line":113,"column":36}},"loc":{"start":{"line":113,"column":38},"end":{"line":116,"column":25}}}},"branchMap":{},"s":{"0":0,"1":0,"2":0,"3":0,"4":0,"5":0,"6":0,"7":0,"8":0,"9":0,"10":0,"11":0,"12":0,"13":0,"14":0,"15":0,"16":0,"17":0,"18":0,"19":0,"20":0,"21":0},"f":{"0":0,"1":0,"2":0,"3":0,"4":0},"b":{}}
}
