{"C:\\Users\\Christopher\\Documents\\project_venda\\venda+\\web\\src\\components\\Carousel\\index.tsx": {"path":"C:\\Users\\Christopher\\Documents\\project_venda\\venda+\\web\\src\\components\\Carousel\\index.tsx","statementMap":{"0":{"start":{"line":2,"column":4},"end":{"line":82,"column":null}},"1":{"start":{"line":1,"column":0},"end":{"line":1,"column":16}}},"fnMap":{"0":{"name":"Carousel","decl":{"start":{"line":1,"column":16},"end":{"line":1,"column":24}},"loc":{"start":{"line":1,"column":24},"end":{"line":83,"column":1}}}},"branchMap":{},"s":{"0":1,"1":1},"f":{"0":1},"b":{}}
,"C:\\Users\\Christopher\\Documents\\project_venda\\venda+\\web\\src\\components\\CarouselProduto\\index.tsx": {"path":"C:\\Users\\Christopher\\Documents\\project_venda\\venda+\\web\\src\\components\\CarouselProduto\\index.tsx","statementMap":{"0":{"start":{"line":1,"column":0},"end":{"line":1,"column":53}},"1":{"start":{"line":2,"column":0},"end":{"line":2,"column":63}},"2":{"start":{"line":12,"column":4},"end":{"line":34,"column":null}},"3":{"start":{"line":11,"column":0},"end":{"line":11,"column":16}}},"fnMap":{"0":{"name":"CarouselProduto","decl":{"start":{"line":11,"column":16},"end":{"line":11,"column":31}},"loc":{"start":{"line":11,"column":59},"end":{"line":35,"column":1}}}},"branchMap":{},"s":{"0":1,"1":1,"2":1,"3":1},"f":{"0":1},"b":{}}
,"C:\\Users\\Christopher\\Documents\\project_venda\\venda+\\web\\src\\components\\Dropdown\\index.tsx": {"path":"C:\\Users\\Christopher\\Documents\\project_venda\\venda+\\web\\src\\components\\Dropdown\\index.tsx","statementMap":{"0":{"start":{"line":7,"column":4},"end":{"line":97,"column":6}},"1":{"start":{"line":69,"column":18},"end":{"line":90,"column":20}},"2":{"start":{"line":6,"column":2},"end":{"line":6,"column":18}}},"fnMap":{"0":{"name":"DropDown","decl":{"start":{"line":6,"column":18},"end":{"line":6,"column":26}},"loc":{"start":{"line":6,"column":56},"end":{"line":98,"column":3}}},"1":{"name":"(anonymous_1)","decl":{"start":{"line":68,"column":26},"end":{"line":68,"column":27}},"loc":{"start":{"line":68,"column":39},"end":{"line":91,"column":17}}}},"branchMap":{},"s":{"0":1,"1":3,"2":1},"f":{"0":1,"1":3},"b":{}}
,"C:\\Users\\Christopher\\Documents\\project_venda\\venda+\\web\\src\\hooks\\useMask.tsx": {"path":"C:\\Users\\Christopher\\Documents\\project_venda\\venda+\\web\\src\\hooks\\useMask.tsx","statementMap":{"0":{"start":{"line":2,"column":21},"end":{"line":20,"column":7}},"1":{"start":{"line":3,"column":16},"end":{"line":3,"column":51}},"2":{"start":{"line":4,"column":8},"end":{"line":6,"column":null}},"3":{"start":{"line":5,"column":12},"end":{"line":5,"column":null}},"4":{"start":{"line":7,"column":8},"end":{"line":18,"column":null}},"5":{"start":{"line":8,"column":10},"end":{"line":8,"column":65}},"6":{"start":{"line":10,"column":13},"end":{"line":18,"column":null}},"7":{"start":{"line":11,"column":12},"end":{"line":16,"column":null}},"8":{"start":{"line":12,"column":16},"end":{"line":12,"column":null}},"9":{"start":{"line":14,"column":17},"end":{"line":16,"column":null}},"10":{"start":{"line":15,"column":16},"end":{"line":15,"column":57}},"11":{"start":{"line":17,"column":12},"end":{"line":17,"column":51}},"12":{"start":{"line":19,"column":8},"end":{"line":19,"column":null}},"13":{"start":{"line":22,"column":20},"end":{"line":34,"column":5}},"14":{"start":{"line":23,"column":16},"end":{"line":23,"column":52}},"15":{"start":{"line":24,"column":8},"end":{"line":32,"column":null}},"16":{"start":{"line":25,"column":12},"end":{"line":25,"column":83}},"17":{"start":{"line":27,"column":13},"end":{"line":32,"column":null}},"18":{"start":{"line":28,"column":10},"end":{"line":28,"column":65}},"19":{"start":{"line":30,"column":13},"end":{"line":32,"column":null}},"20":{"start":{"line":31,"column":12},"end":{"line":31,"column":51}},"21":{"start":{"line":33,"column":8},"end":{"line":33,"column":null}},"22":{"start":{"line":36,"column":25},"end":{"line":45,"column":5}},"23":{"start":{"line":37,"column":16},"end":{"line":37,"column":52}},"24":{"start":{"line":38,"column":7},"end":{"line":43,"column":null}},"25":{"start":{"line":39,"column":10},"end":{"line":39,"column":67}},"26":{"start":{"line":41,"column":13},"end":{"line":43,"column":null}},"27":{"start":{"line":42,"column":12},"end":{"line":42,"column":53}},"28":{"start":{"line":44,"column":8},"end":{"line":44,"column":null}},"29":{"start":{"line":47,"column":20},"end":{"line":53,"column":5}},"30":{"start":{"line":48,"column":16},"end":{"line":48,"column":51}},"31":{"start":{"line":49,"column":8},"end":{"line":51,"column":null}},"32":{"start":{"line":50,"column":12},"end":{"line":50,"column":51}},"33":{"start":{"line":52,"column":8},"end":{"line":52,"column":null}},"34":{"start":{"line":55,"column":21},"end":{"line":70,"column":5}},"35":{"start":{"line":56,"column":16},"end":{"line":56,"column":52}},"36":{"start":{"line":57,"column":8},"end":{"line":59,"column":null}},"37":{"start":{"line":58,"column":12},"end":{"line":58,"column":101}},"38":{"start":{"line":60,"column":8},"end":{"line":68,"column":null}},"39":{"start":{"line":61,"column":12},"end":{"line":61,"column":83}},"40":{"start":{"line":63,"column":13},"end":{"line":68,"column":null}},"41":{"start":{"line":64,"column":10},"end":{"line":64,"column":65}},"42":{"start":{"line":66,"column":13},"end":{"line":68,"column":null}},"43":{"start":{"line":67,"column":12},"end":{"line":67,"column":51}},"44":{"start":{"line":69,"column":8},"end":{"line":69,"column":null}},"45":{"start":{"line":72,"column":4},"end":{"line":72,"column":null}},"46":{"start":{"line":1,"column":0},"end":{"line":1,"column":16}}},"fnMap":{"0":{"name":"useMask","decl":{"start":{"line":1,"column":16},"end":{"line":1,"column":23}},"loc":{"start":{"line":1,"column":23},"end":{"line":73,"column":1}}},"1":{"name":"(anonymous_1)","decl":{"start":{"line":2,"column":21},"end":{"line":2,"column":22}},"loc":{"start":{"line":2,"column":40},"end":{"line":20,"column":7}}},"2":{"name":"(anonymous_2)","decl":{"start":{"line":22,"column":20},"end":{"line":22,"column":21}},"loc":{"start":{"line":22,"column":38},"end":{"line":34,"column":5}}},"3":{"name":"(anonymous_3)","decl":{"start":{"line":36,"column":25},"end":{"line":36,"column":26}},"loc":{"start":{"line":36,"column":43},"end":{"line":45,"column":5}}},"4":{"name":"(anonymous_4)","decl":{"start":{"line":47,"column":20},"end":{"line":47,"column":21}},"loc":{"start":{"line":47,"column":38},"end":{"line":53,"column":5}}},"5":{"name":"(anonymous_5)","decl":{"start":{"line":55,"column":21},"end":{"line":55,"column":22}},"loc":{"start":{"line":55,"column":39},"end":{"line":70,"column":5}}}},"branchMap":{"0":{"loc":{"start":{"line":4,"column":8},"end":{"line":6,"column":null}},"type":"if","locations":[{"start":{"line":4,"column":8},"end":{"line":6,"column":null}}]},"1":{"loc":{"start":{"line":4,"column":12},"end":{"line":4,"column":46}},"type":"binary-expr","locations":[{"start":{"line":4,"column":12},"end":{"line":4,"column":26}},{"start":{"line":4,"column":30},"end":{"line":4,"column":46}}]},"2":{"loc":{"start":{"line":7,"column":8},"end":{"line":18,"column":null}},"type":"if","locations":[{"start":{"line":7,"column":8},"end":{"line":18,"column":null}},{"start":{"line":10,"column":13},"end":{"line":18,"column":null}}]},"3":{"loc":{"start":{"line":10,"column":13},"end":{"line":18,"column":null}},"type":"if","locations":[{"start":{"line":10,"column":13},"end":{"line":18,"column":null}}]},"4":{"loc":{"start":{"line":11,"column":12},"end":{"line":16,"column":null}},"type":"if","locations":[{"start":{"line":11,"column":12},"end":{"line":16,"column":null}},{"start":{"line":14,"column":17},"end":{"line":16,"column":null}}]},"5":{"loc":{"start":{"line":14,"column":17},"end":{"line":16,"column":null}},"type":"if","locations":[{"start":{"line":14,"column":17},"end":{"line":16,"column":null}}]},"6":{"loc":{"start":{"line":24,"column":8},"end":{"line":32,"column":null}},"type":"if","locations":[{"start":{"line":24,"column":8},"end":{"line":32,"column":null}},{"start":{"line":27,"column":13},"end":{"line":32,"column":null}}]},"7":{"loc":{"start":{"line":27,"column":13},"end":{"line":32,"column":null}},"type":"if","locations":[{"start":{"line":27,"column":13},"end":{"line":32,"column":null}},{"start":{"line":30,"column":13},"end":{"line":32,"column":null}}]},"8":{"loc":{"start":{"line":30,"column":13},"end":{"line":32,"column":null}},"type":"if","locations":[{"start":{"line":30,"column":13},"end":{"line":32,"column":null}}]},"9":{"loc":{"start":{"line":38,"column":7},"end":{"line":43,"column":null}},"type":"if","locations":[{"start":{"line":38,"column":7},"end":{"line":43,"column":null}},{"start":{"line":41,"column":13},"end":{"line":43,"column":null}}]},"10":{"loc":{"start":{"line":41,"column":13},"end":{"line":43,"column":null}},"type":"if","locations":[{"start":{"line":41,"column":13},"end":{"line":43,"column":null}}]},"11":{"loc":{"start":{"line":49,"column":8},"end":{"line":51,"column":null}},"type":"if","locations":[{"start":{"line":49,"column":8},"end":{"line":51,"column":null}}]},"12":{"loc":{"start":{"line":57,"column":8},"end":{"line":59,"column":null}},"type":"if","locations":[{"start":{"line":57,"column":8},"end":{"line":59,"column":null}}]},"13":{"loc":{"start":{"line":60,"column":8},"end":{"line":68,"column":null}},"type":"if","locations":[{"start":{"line":60,"column":8},"end":{"line":68,"column":null}},{"start":{"line":63,"column":13},"end":{"line":68,"column":null}}]},"14":{"loc":{"start":{"line":63,"column":13},"end":{"line":68,"column":null}},"type":"if","locations":[{"start":{"line":63,"column":13},"end":{"line":68,"column":null}},{"start":{"line":66,"column":13},"end":{"line":68,"column":null}}]},"15":{"loc":{"start":{"line":66,"column":13},"end":{"line":68,"column":null}},"type":"if","locations":[{"start":{"line":66,"column":13},"end":{"line":68,"column":null}}]}},"s":{"0":20,"1":6,"2":6,"3":1,"4":5,"5":1,"6":4,"7":3,"8":1,"9":2,"10":1,"11":1,"12":1,"13":20,"14":4,"15":4,"16":1,"17":3,"18":1,"19":2,"20":1,"21":1,"22":20,"23":3,"24":3,"25":1,"26":2,"27":1,"28":1,"29":20,"30":2,"31":2,"32":1,"33":1,"34":20,"35":5,"36":5,"37":1,"38":4,"39":1,"40":3,"41":1,"42":2,"43":1,"44":1,"45":20,"46":1},"f":{"0":20,"1":6,"2":4,"3":3,"4":2,"5":5},"b":{"0":[1],"1":[6,1],"2":[1,4],"3":[3],"4":[1,2],"5":[1],"6":[1,3],"7":[1,2],"8":[1],"9":[1,2],"10":[1],"11":[1],"12":[1],"13":[1,3],"14":[1,2],"15":[1]}}
}
