TN:
SF:src\components\Card\index.tsx
FN:13,byteToBlob
FN:21,Card
FN:24,(anonymous_2)
FN:27,(anonymous_3)
FN:28,(anonymous_4)
FNF:5
FNH:0
FNDA:0,byteToBlob
FNDA:0,Card
FNDA:0,(anonymous_2)
FNDA:0,(anonymous_3)
FNDA:0,(anonymous_4)
DA:1,0
DA:2,0
DA:3,0
DA:14,0
DA:15,0
DA:16,0
DA:17,0
DA:21,0
DA:22,0
DA:24,0
DA:25,0
DA:27,0
DA:29,0
DA:30,0
DA:36,0
DA:37,0
LF:16
LH:0
BRDA:46,0,0,0
BRDA:46,0,1,0
BRF:2
BRH:0
end_of_record
TN:
SF:src\components\CardCart\index.tsx
FN:7,byteToBlob
FN:24,CardCart
FN:26,(anonymous_2)
FN:29,(anonymous_3)
FN:30,(anonymous_4)
FN:55,(anonymous_5)
FN:78,(anonymous_6)
FNF:7
FNH:0
FNDA:0,byteToBlob
FNDA:0,CardCart
FNDA:0,(anonymous_2)
FNDA:0,(anonymous_3)
FNDA:0,(anonymous_4)
FNDA:0,(anonymous_5)
FNDA:0,(anonymous_6)
DA:1,0
DA:2,0
DA:3,0
DA:8,0
DA:9,0
DA:10,0
DA:11,0
DA:24,0
DA:25,0
DA:26,0
DA:27,0
DA:29,0
DA:31,0
DA:32,0
DA:35,0
DA:36,0
DA:55,0
DA:78,0
LF:18
LH:0
BRF:0
BRH:0
end_of_record
TN:
SF:src\components\Carousel\index.tsx
FN:1,Carousel
FNF:1
FNH:0
FNDA:0,Carousel
DA:1,0
DA:2,0
LF:2
LH:0
BRF:0
BRH:0
end_of_record
TN:
SF:src\components\CarouselProduto\index.tsx
FN:11,CarouselProduto
FNF:1
FNH:1
FNDA:1,CarouselProduto
DA:1,1
DA:2,1
DA:11,1
DA:12,1
LF:4
LH:4
BRF:0
BRH:0
end_of_record
TN:
SF:src\components\Dropdown\index.tsx
FN:6,DropDown
FN:68,(anonymous_1)
FNF:2
FNH:0
FNDA:0,DropDown
FNDA:0,(anonymous_1)
DA:6,0
DA:7,0
DA:69,0
LF:3
LH:0
BRF:0
BRH:0
end_of_record
TN:
SF:src\components\ListaTiposProdutos\index.tsx
FN:4,ListaTiposProdutos
FN:8,(anonymous_1)
FNF:2
FNH:0
FNDA:0,ListaTiposProdutos
FNDA:0,(anonymous_1)
DA:2,0
DA:4,0
DA:5,0
DA:9,0
LF:4
LH:0
BRF:0
BRH:0
end_of_record
TN:
SF:src\components\Menu\index.tsx
FN:12,Menu
FN:19,(anonymous_1)
FN:21,(anonymous_2)
FN:22,(anonymous_3)
FN:28,(anonymous_4)
FN:280,(anonymous_5)
FNF:6
FNH:0
FNDA:0,Menu
FNDA:0,(anonymous_1)
FNDA:0,(anonymous_2)
FNDA:0,(anonymous_3)
FNDA:0,(anonymous_4)
FNDA:0,(anonymous_5)
DA:1,0
DA:3,0
DA:4,0
DA:5,0
DA:6,0
DA:7,0
DA:8,0
DA:9,0
DA:12,0
DA:13,0
DA:16,0
DA:17,0
DA:19,0
DA:20,0
DA:21,0
DA:23,0
DA:28,0
DA:29,0
DA:32,0
DA:281,0
LF:20
LH:0
BRDA:88,0,0,0
BRDA:88,0,1,0
BRDA:170,1,0,0
BRDA:170,1,1,0
BRDA:250,2,0,0
BRDA:250,2,1,0
BRDA:254,3,0,0
BRDA:254,3,1,0
BRF:8
BRH:0
end_of_record
TN:
SF:src\components\MultCarousel\index.tsx
FN:25,MultCarousel
FN:31,(anonymous_1)
FN:34,(anonymous_2)
FN:60,(anonymous_3)
FN:65,(anonymous_4)
FNF:5
FNH:0
FNDA:0,MultCarousel
FNDA:0,(anonymous_1)
FNDA:0,(anonymous_2)
FNDA:0,(anonymous_3)
FNDA:0,(anonymous_4)
DA:1,0
DA:2,0
DA:3,0
DA:4,0
DA:5,0
DA:6,0
DA:7,0
DA:9,0
DA:11,0
DA:25,0
DA:26,0
DA:27,0
DA:29,0
DA:31,0
DA:33,0
DA:35,0
DA:36,0
DA:40,0
DA:61,0
DA:66,0
DA:67,0
LF:21
LH:0
BRF:0
BRH:0
end_of_record
TN:
SF:src\components\PessoaFisica\index.tsx
FN:10,PessoaFisica
FN:35,(anonymous_1)
FN:48,(anonymous_2)
FN:63,(anonymous_3)
FN:78,(anonymous_4)
FN:92,(anonymous_5)
FN:106,(anonymous_6)
FN:117,(anonymous_7)
FN:127,(anonymous_8)
FN:141,(anonymous_9)
FN:159,(anonymous_10)
FN:172,(anonymous_11)
FN:178,(anonymous_12)
FNF:13
FNH:0
FNDA:0,PessoaFisica
FNDA:0,(anonymous_1)
FNDA:0,(anonymous_2)
FNDA:0,(anonymous_3)
FNDA:0,(anonymous_4)
FNDA:0,(anonymous_5)
FNDA:0,(anonymous_6)
FNDA:0,(anonymous_7)
FNDA:0,(anonymous_8)
FNDA:0,(anonymous_9)
FNDA:0,(anonymous_10)
FNDA:0,(anonymous_11)
FNDA:0,(anonymous_12)
DA:1,0
DA:2,0
DA:3,0
DA:4,0
DA:5,0
DA:6,0
DA:7,0
DA:10,0
DA:12,0
DA:13,0
DA:15,0
DA:24,0
DA:35,0
DA:36,0
DA:37,0
DA:40,0
DA:49,0
DA:64,0
DA:79,0
DA:93,0
DA:107,0
DA:108,0
DA:118,0
DA:119,0
DA:128,0
DA:129,0
DA:142,0
DA:160,0
DA:172,0
DA:179,0
LF:30
LH:0
BRDA:173,0,0,0
BRDA:173,0,1,0
BRF:2
BRH:0
end_of_record
TN:
SF:src\components\PessoaJuridica\index.tsx
FN:9,PessoaJuridica
FN:32,(anonymous_1)
FN:47,(anonymous_2)
FN:63,(anonymous_3)
FN:79,(anonymous_4)
FN:94,(anonymous_5)
FN:109,(anonymous_6)
FN:127,(anonymous_7)
FN:140,(anonymous_8)
FN:146,(anonymous_9)
FNF:10
FNH:0
FNDA:0,PessoaJuridica
FNDA:0,(anonymous_1)
FNDA:0,(anonymous_2)
FNDA:0,(anonymous_3)
FNDA:0,(anonymous_4)
FNDA:0,(anonymous_5)
FNDA:0,(anonymous_6)
FNDA:0,(anonymous_7)
FNDA:0,(anonymous_8)
FNDA:0,(anonymous_9)
DA:1,0
DA:2,0
DA:3,0
DA:4,0
DA:5,0
DA:6,0
DA:7,0
DA:9,0
DA:10,0
DA:11,0
DA:13,0
DA:22,0
DA:32,0
DA:33,0
DA:34,0
DA:37,0
DA:48,0
DA:64,0
DA:80,0
DA:95,0
DA:110,0
DA:128,0
DA:140,0
DA:147,0
LF:24
LH:0
BRDA:141,0,0,0
BRDA:141,0,1,0
BRF:2
BRH:0
end_of_record
TN:
SF:src\hooks\useAuth.tsx
FN:16,useAuth
FN:21,(anonymous_1)
FN:34,handleLogin
FN:42,(anonymous_3)
FN:57,(anonymous_4)
FN:65,handleLogout
FNF:6
FNH:0
FNDA:0,useAuth
FNDA:0,(anonymous_1)
FNDA:0,handleLogin
FNDA:0,(anonymous_3)
FNDA:0,(anonymous_4)
FNDA:0,handleLogout
DA:1,0
DA:4,0
DA:16,0
DA:17,0
DA:18,0
DA:19,0
DA:21,0
DA:22,0
DA:23,0
DA:24,0
DA:25,0
DA:26,0
DA:27,0
DA:28,0
DA:29,0
DA:31,0
DA:35,0
DA:43,0
DA:45,0
DA:46,0
DA:47,0
DA:49,0
DA:51,0
DA:52,0
DA:53,0
DA:58,0
DA:59,0
DA:66,0
DA:67,0
DA:68,0
DA:69,0
DA:72,0
LF:32
LH:0
BRDA:23,0,0,0
BRDA:23,0,1,0
BRDA:24,1,0,0
BRDA:25,2,0,0
BRDA:25,2,1,0
BRDA:46,3,0,0
BRF:6
BRH:0
end_of_record
TN:
SF:src\hooks\useCart.tsx
FN:7,useCart
FN:11,handleCart
FN:20,(anonymous_2)
FN:24,(anonymous_3)
FN:30,handleRemoveCart
FN:36,(anonymous_5)
FN:40,(anonymous_6)
FN:46,handleUpdateCart
FN:52,(anonymous_8)
FN:56,(anonymous_9)
FN:62,formatMoney
FNF:11
FNH:0
FNDA:0,useCart
FNDA:0,handleCart
FNDA:0,(anonymous_2)
FNDA:0,(anonymous_3)
FNDA:0,handleRemoveCart
FNDA:0,(anonymous_5)
FNDA:0,(anonymous_6)
FNDA:0,handleUpdateCart
FNDA:0,(anonymous_8)
FNDA:0,(anonymous_9)
FNDA:0,formatMoney
DA:1,0
DA:3,0
DA:4,0
DA:7,0
DA:8,0
DA:9,0
DA:12,0
DA:13,0
DA:22,0
DA:25,0
DA:26,0
DA:31,0
DA:38,0
DA:39,0
DA:41,0
DA:42,0
DA:47,0
DA:54,0
DA:55,0
DA:57,0
DA:58,0
DA:63,0
DA:66,0
LF:23
LH:0
BRF:0
BRH:0
end_of_record
TN:
SF:src\hooks\useFormatPassword.tsx
FN:3,useFormatPassword
FN:6,(anonymous_1)
FNF:2
FNH:0
FNDA:0,useFormatPassword
FNDA:0,(anonymous_1)
DA:1,0
DA:3,0
DA:4,0
DA:5,0
DA:6,0
DA:7,0
DA:8,0
DA:9,0
DA:10,0
DA:12,0
LF:10
LH:0
BRDA:7,0,0,0
BRDA:7,0,1,0
BRDA:8,1,0,0
BRDA:8,1,1,0
BRF:4
BRH:0
end_of_record
TN:
SF:src\hooks\useMask.tsx
FN:1,useMask
FN:2,(anonymous_1)
FN:22,(anonymous_2)
FN:36,(anonymous_3)
FN:47,(anonymous_4)
FN:55,(anonymous_5)
FNF:6
FNH:0
FNDA:0,useMask
FNDA:0,(anonymous_1)
FNDA:0,(anonymous_2)
FNDA:0,(anonymous_3)
FNDA:0,(anonymous_4)
FNDA:0,(anonymous_5)
DA:1,0
DA:2,0
DA:3,0
DA:4,0
DA:5,0
DA:7,0
DA:8,0
DA:10,0
DA:11,0
DA:12,0
DA:14,0
DA:15,0
DA:17,0
DA:19,0
DA:22,0
DA:23,0
DA:24,0
DA:25,0
DA:27,0
DA:28,0
DA:30,0
DA:31,0
DA:33,0
DA:36,0
DA:37,0
DA:38,0
DA:39,0
DA:41,0
DA:42,0
DA:44,0
DA:47,0
DA:48,0
DA:49,0
DA:50,0
DA:52,0
DA:55,0
DA:56,0
DA:57,0
DA:58,0
DA:60,0
DA:61,0
DA:63,0
DA:64,0
DA:66,0
DA:67,0
DA:69,0
DA:72,0
LF:47
LH:0
BRDA:4,0,0,0
BRDA:4,1,0,0
BRDA:4,1,1,0
BRDA:7,2,0,0
BRDA:7,2,1,0
BRDA:10,3,0,0
BRDA:11,4,0,0
BRDA:11,4,1,0
BRDA:14,5,0,0
BRDA:24,6,0,0
BRDA:24,6,1,0
BRDA:27,7,0,0
BRDA:27,7,1,0
BRDA:30,8,0,0
BRDA:38,9,0,0
BRDA:38,9,1,0
BRDA:41,10,0,0
BRDA:49,11,0,0
BRDA:57,12,0,0
BRDA:60,13,0,0
BRDA:60,13,1,0
BRDA:63,14,0,0
BRDA:63,14,1,0
BRDA:66,15,0,0
BRF:24
BRH:0
end_of_record
TN:
SF:src\hooks\useProduct.tsx
FN:8,useProduct
FN:12,handleProduct
FN:16,createProduct
FN:29,(anonymous_3)
FN:34,(anonymous_4)
FN:41,uplodFotos
FN:53,(anonymous_6)
FN:57,(anonymous_7)
FNF:8
FNH:0
FNDA:0,useProduct
FNDA:0,handleProduct
FNDA:0,createProduct
FNDA:0,(anonymous_3)
FNDA:0,(anonymous_4)
FNDA:0,uplodFotos
FNDA:0,(anonymous_6)
FNDA:0,(anonymous_7)
DA:1,0
DA:2,0
DA:3,0
DA:8,0
DA:9,0
DA:10,0
DA:13,0
DA:17,0
DA:18,0
DA:31,0
DA:32,0
DA:35,0
DA:36,0
DA:43,0
DA:45,0
DA:46,0
DA:48,0
DA:54,0
DA:55,0
DA:58,0
DA:59,0
DA:63,0
LF:22
LH:0
BRF:0
BRH:0
end_of_record
TN:
SF:src\hooks\useRegister.tsx
FN:24,useRegister
FN:25,handleRegisterFisica
FN:39,(anonymous_2)
FN:44,(anonymous_3)
FN:49,handleRegisterJuridica
FN:61,(anonymous_5)
FN:66,(anonymous_6)
FNF:7
FNH:0
FNDA:0,useRegister
FNDA:0,handleRegisterFisica
FNDA:0,(anonymous_2)
FNDA:0,(anonymous_3)
FNDA:0,handleRegisterJuridica
FNDA:0,(anonymous_5)
FNDA:0,(anonymous_6)
DA:1,0
DA:24,0
DA:26,0
DA:41,0
DA:42,0
DA:45,0
DA:50,0
DA:63,0
DA:64,0
DA:67,0
DA:71,0
LF:11
LH:0
BRF:0
BRH:0
end_of_record
TN:
SF:src\hooks\useScroll.tsx
FN:3,useScroll
FN:7,scrollFunction
FN:18,backToTop
FNF:3
FNH:0
FNDA:0,useScroll
FNDA:0,scrollFunction
FNDA:0,backToTop
DA:1,0
DA:3,0
DA:5,0
DA:8,0
DA:12,0
DA:14,0
DA:19,0
DA:22,0
LF:8
LH:0
BRDA:8,0,0,0
BRDA:8,0,1,0
BRDA:9,1,0,0
BRDA:9,1,1,0
BRF:4
BRH:0
end_of_record
TN:
SF:src\page\Cadastro\index.tsx
FN:5,Cadastro
FN:17,(anonymous_1)
FN:18,(anonymous_2)
FNF:3
FNH:0
FNDA:0,Cadastro
FNDA:0,(anonymous_1)
FNDA:0,(anonymous_2)
DA:1,0
DA:2,0
DA:3,0
DA:4,0
DA:5,0
DA:6,0
DA:8,0
DA:17,0
DA:18,0
LF:9
LH:0
BRDA:22,0,0,0
BRDA:22,0,1,0
BRF:2
BRH:0
end_of_record
TN:
SF:src\page\Carrinho\index.tsx
FN:18,Carrinho
FN:28,(anonymous_1)
FN:31,(anonymous_2)
FN:32,(anonymous_3)
FN:63,(anonymous_4)
FN:103,(anonymous_5)
FNF:6
FNH:0
FNDA:0,Carrinho
FNDA:0,(anonymous_1)
FNDA:0,(anonymous_2)
FNDA:0,(anonymous_3)
FNDA:0,(anonymous_4)
FNDA:0,(anonymous_5)
DA:1,0
DA:2,0
DA:3,0
DA:4,0
DA:5,0
DA:6,0
DA:9,0
DA:18,0
DA:20,0
DA:21,0
DA:23,0
DA:25,0
DA:26,0
DA:28,0
DA:29,0
DA:31,0
DA:33,0
DA:39,0
DA:64,0
DA:103,0
LF:20
LH:0
BRF:0
BRH:0
end_of_record
TN:
SF:src\page\Home\index.tsx
FN:7,Home
FN:10,(anonymous_1)
FN:12,(anonymous_2)
FN:13,(anonymous_3)
FNF:4
FNH:0
FNDA:0,Home
FNDA:0,(anonymous_1)
FNDA:0,(anonymous_2)
FNDA:0,(anonymous_3)
DA:1,0
DA:2,0
DA:3,0
DA:4,0
DA:7,0
DA:8,0
DA:10,0
DA:11,0
DA:12,0
DA:14,0
DA:17,0
LF:11
LH:0
BRF:0
BRH:0
end_of_record
TN:
SF:src\page\Login\index.tsx
FN:9,Login
FN:26,(anonymous_1)
FN:57,(anonymous_2)
FN:67,(anonymous_3)
FN:74,(anonymous_4)
FNF:5
FNH:0
FNDA:0,Login
FNDA:0,(anonymous_1)
FNDA:0,(anonymous_2)
FNDA:0,(anonymous_3)
FNDA:0,(anonymous_4)
DA:1,0
DA:2,0
DA:3,0
DA:5,0
DA:6,0
DA:7,0
DA:9,0
DA:10,0
DA:11,0
DA:12,0
DA:21,0
DA:26,0
DA:27,0
DA:28,0
DA:32,0
DA:58,0
DA:67,0
DA:75,0
LF:18
LH:0
BRDA:68,0,0,0
BRDA:68,0,1,0
BRF:2
BRH:0
end_of_record
TN:
SF:src\page\MeusProdutos\index.tsx
FN:11,MeusProdutos
FN:19,(anonymous_1)
FN:22,(anonymous_2)
FN:108,(anonymous_3)
FN:113,(anonymous_4)
FNF:5
FNH:0
FNDA:0,MeusProdutos
FNDA:0,(anonymous_1)
FNDA:0,(anonymous_2)
FNDA:0,(anonymous_3)
FNDA:0,(anonymous_4)
DA:1,0
DA:2,0
DA:3,0
DA:4,0
DA:6,0
DA:7,0
DA:8,0
DA:9,0
DA:11,0
DA:13,0
DA:14,0
DA:15,0
DA:17,0
DA:19,0
DA:21,0
DA:23,0
DA:24,0
DA:28,0
DA:30,0
DA:109,0
DA:114,0
DA:115,0
LF:22
LH:0
BRF:0
BRH:0
end_of_record
