TN:
SF:src\components\Carousel\index.tsx
FN:1,Carousel
FNF:1
FNH:1
FNDA:1,Carousel
DA:1,1
DA:2,1
LF:2
LH:2
BRF:0
BRH:0
end_of_record
TN:
SF:src\components\CarouselProduto\index.tsx
FN:11,CarouselProduto
FNF:1
FNH:1
FNDA:1,CarouselProduto
DA:1,1
DA:2,1
DA:11,1
DA:12,1
LF:4
LH:4
BRF:0
BRH:0
end_of_record
TN:
SF:src\components\Dropdown\index.tsx
FN:6,DropDown
FN:68,(anonymous_1)
FNF:2
FNH:2
FNDA:1,DropDown
FNDA:3,(anonymous_1)
DA:6,1
DA:7,1
DA:69,3
LF:3
LH:3
BRF:0
BRH:0
end_of_record
TN:
SF:src\hooks\useMask.tsx
FN:1,useMask
FN:2,(anonymous_1)
FN:22,(anonymous_2)
FN:36,(anonymous_3)
FN:47,(anonymous_4)
FN:55,(anonymous_5)
FNF:6
FNH:6
FNDA:20,useMask
FNDA:6,(anonymous_1)
FNDA:4,(anonymous_2)
FNDA:3,(anonymous_3)
FNDA:2,(anonymous_4)
FNDA:5,(anonymous_5)
DA:1,1
DA:2,20
DA:3,6
DA:4,6
DA:5,1
DA:7,5
DA:8,1
DA:10,4
DA:11,3
DA:12,1
DA:14,2
DA:15,1
DA:17,1
DA:19,1
DA:22,20
DA:23,4
DA:24,4
DA:25,1
DA:27,3
DA:28,1
DA:30,2
DA:31,1
DA:33,1
DA:36,20
DA:37,3
DA:38,3
DA:39,1
DA:41,2
DA:42,1
DA:44,1
DA:47,20
DA:48,2
DA:49,2
DA:50,1
DA:52,1
DA:55,20
DA:56,5
DA:57,5
DA:58,1
DA:60,4
DA:61,1
DA:63,3
DA:64,1
DA:66,2
DA:67,1
DA:69,1
DA:72,20
LF:47
LH:47
BRDA:4,0,0,1
BRDA:4,1,0,6
BRDA:4,1,1,1
BRDA:7,2,0,1
BRDA:7,2,1,4
BRDA:10,3,0,3
BRDA:11,4,0,1
BRDA:11,4,1,2
BRDA:14,5,0,1
BRDA:24,6,0,1
BRDA:24,6,1,3
BRDA:27,7,0,1
BRDA:27,7,1,2
BRDA:30,8,0,1
BRDA:38,9,0,1
BRDA:38,9,1,2
BRDA:41,10,0,1
BRDA:49,11,0,1
BRDA:57,12,0,1
BRDA:60,13,0,1
BRDA:60,13,1,3
BRDA:63,14,0,1
BRDA:63,14,1,2
BRDA:66,15,0,1
BRF:24
BRH:24
end_of_record
